Using pre-set license
Built from '2021.3/staging' branch; Version is '2021.3.33f1 (ee5a2aa03ab2) revision 15620650'; Using compiler version '192829333'; Build Type 'Release'
OS: 'Windows 11  (10.0.26100) 64bit Core' Language: 'de' Physical Memory: 16307 MB
BatchMode: 1, IsHumanControllingUs: 0, StartBugReporterOnCrash: 0, Is64bit: 1, IsPro: 1

COMMAND LINE ARGUMENTS:
C:\Program Files\Unity\Hub\Editor\2021.3.33f1\Editor\Unity.exe
-adb2
-batchMode
-noUpm
-name
AssetImportWorker2
-projectPath
C:/RoR2 Modding/Urgot-master/UrgotUnityProject
-logFile
Logs/AssetImportWorker2.log
-srvPort
61681
Successfully changed project path to: C:/RoR2 Modding/Urgot-master/UrgotUnityProject
C:/RoR2 Modding/Urgot-master/UrgotUnityProject
[UnityMemory] Configuration Parameters - Can be set up in boot.config
    "memorysetup-bucket-allocator-granularity=16"
    "memorysetup-bucket-allocator-bucket-count=8"
    "memorysetup-bucket-allocator-block-size=33554432"
    "memorysetup-bucket-allocator-block-count=8"
    "memorysetup-main-allocator-block-size=16777216"
    "memorysetup-thread-allocator-block-size=16777216"
    "memorysetup-gfx-main-allocator-block-size=16777216"
    "memorysetup-gfx-thread-allocator-block-size=16777216"
    "memorysetup-cache-allocator-block-size=4194304"
    "memorysetup-typetree-allocator-block-size=2097152"
    "memorysetup-profiler-bucket-allocator-granularity=16"
    "memorysetup-profiler-bucket-allocator-bucket-count=8"
    "memorysetup-profiler-bucket-allocator-block-size=33554432"
    "memorysetup-profiler-bucket-allocator-block-count=8"
    "memorysetup-profiler-allocator-block-size=16777216"
    "memorysetup-profiler-editor-allocator-block-size=1048576"
    "memorysetup-temp-allocator-size-main=16777216"
    "memorysetup-job-temp-allocator-block-size=2097152"
    "memorysetup-job-temp-allocator-block-size-background=1048576"
    "memorysetup-job-temp-allocator-reduction-small-platforms=262144"
    "memorysetup-temp-allocator-size-background-worker=32768"
    "memorysetup-temp-allocator-size-job-worker=262144"
    "memorysetup-temp-allocator-size-preload-manager=33554432"
    "memorysetup-temp-allocator-size-nav-mesh-worker=65536"
    "memorysetup-temp-allocator-size-audio-worker=65536"
    "memorysetup-temp-allocator-size-cloud-worker=32768"
    "memorysetup-temp-allocator-size-gi-baking-worker=262144"
    "memorysetup-temp-allocator-size-gfx=262144"
Player connection [14276] Host "[IP] 192.168.178.29 [Port] 0 [Flags] 2 [Guid] 406401813 [EditorId] 406401813 [Version] 1048832 [Id] WindowsEditor(7,Pauls-PC-mehr-C) [Debug] 1 [PackageName] WindowsEditor [ProjectName] Editor" joined multi-casting on [225.0.0.222:54997]...

Player connection [14276] Host "[IP] 192.168.178.29 [Port] 0 [Flags] 2 [Guid] 406401813 [EditorId] 406401813 [Version] 1048832 [Id] WindowsEditor(7,Pauls-PC-mehr-C) [Debug] 1 [PackageName] WindowsEditor [ProjectName] Editor" joined alternative multi-casting on [225.0.0.222:34997]...

[Physics::Module] Initialized MultithreadedJobDispatcher with {0} workers.
Refreshing native plugins compatible for Editor in 32.81 ms, found 0 plugins.
Preloading 0 native plugins for Editor in 0.00 ms.
Initialize engine version: 2021.3.33f1 (ee5a2aa03ab2)
[Subsystems] Discovering subsystems at path C:/Program Files/Unity/Hub/Editor/2021.3.33f1/Editor/Data/Resources/UnitySubsystems
[Subsystems] Discovering subsystems at path C:/RoR2 Modding/Urgot-master/UrgotUnityProject/Assets
GfxDevice: creating device client; threaded=0; jobified=0
Direct3D:
    Version:  Direct3D 11.0 [level 11.1]
    Renderer: NVIDIA GeForce RTX 3070 (ID=0x2484)
    Vendor:   NVIDIA
    VRAM:     8018 MB
    Driver:   32.0.15.6094
Initialize mono
Mono path[0] = 'C:/Program Files/Unity/Hub/Editor/2021.3.33f1/Editor/Data/Managed'
Mono path[1] = 'C:/Program Files/Unity/Hub/Editor/2021.3.33f1/Editor/Data/MonoBleedingEdge/lib/mono/unityjit-win32'
Mono config path = 'C:/Program Files/Unity/Hub/Editor/2021.3.33f1/Editor/Data/MonoBleedingEdge/etc'
Using monoOptions --debugger-agent=transport=dt_socket,embedding=1,server=y,suspend=n,address=127.0.0.1:56680
Begin MonoManager ReloadAssembly
Registering precompiled unity dll's ...
Register platform support module: C:/Program Files/Unity/Hub/Editor/2021.3.33f1/Editor/Data/PlaybackEngines/WindowsStandaloneSupport/UnityEditor.WindowsStandalone.Extensions.dll
Registered in 0.006619 seconds.
Native extension for WindowsStandalone target not found
Refreshing native plugins compatible for Editor in 20.98 ms, found 0 plugins.
Preloading 0 native plugins for Editor in 0.00 ms.
Mono: successfully reloaded assembly
- Completed reload, in  0.754 seconds
Domain Reload Profiling:
	ReloadAssembly (754ms)
		BeginReloadAssembly (125ms)
			ExecutionOrderSort (0ms)
			DisableScriptedObjects (0ms)
			BackupInstance (0ms)
			ReleaseScriptingObjects (0ms)
			CreateAndSetChildDomain (1ms)
		EndReloadAssembly (501ms)
			LoadAssemblies (122ms)
			RebuildTransferFunctionScriptingTraits (0ms)
			SetupTypeCache (136ms)
			ReleaseScriptCaches (0ms)
			RebuildScriptCaches (34ms)
			SetupLoadedEditorAssemblies (280ms)
				LogAssemblyErrors (0ms)
				InitializePlatformSupportModulesInManaged (10ms)
				SetLoadedEditorAssemblies (0ms)
				RefreshPlugins (21ms)
				BeforeProcessingInitializeOnLoad (2ms)
				ProcessInitializeOnLoadAttributes (191ms)
				ProcessInitializeOnLoadMethodAttributes (57ms)
				AfterProcessingInitializeOnLoad (0ms)
				EditorAssembliesLoaded (0ms)
			ExecutionOrderSort2 (0ms)
			AwakeInstancesAfterBackupRestoration (0ms)
Platform modules already initialized, skipping
Registering precompiled user dll's ...
Registered in 0.000991 seconds.
Begin MonoManager ReloadAssembly
Native extension for WindowsStandalone target not found
Refreshing native plugins compatible for Editor in 0.17 ms, found 0 plugins.
Preloading 0 native plugins for Editor in 0.00 ms.
Mono: successfully reloaded assembly
- Completed reload, in  0.828 seconds
Domain Reload Profiling:
	ReloadAssembly (829ms)
		BeginReloadAssembly (161ms)
			ExecutionOrderSort (0ms)
			DisableScriptedObjects (7ms)
			BackupInstance (0ms)
			ReleaseScriptingObjects (0ms)
			CreateAndSetChildDomain (23ms)
		EndReloadAssembly (541ms)
			LoadAssemblies (103ms)
			RebuildTransferFunctionScriptingTraits (0ms)
			SetupTypeCache (146ms)
			ReleaseScriptCaches (0ms)
			RebuildScriptCaches (41ms)
			SetupLoadedEditorAssemblies (247ms)
				LogAssemblyErrors (0ms)
				InitializePlatformSupportModulesInManaged (6ms)
				SetLoadedEditorAssemblies (1ms)
				RefreshPlugins (0ms)
				BeforeProcessingInitializeOnLoad (51ms)
				ProcessInitializeOnLoadAttributes (151ms)
				ProcessInitializeOnLoadMethodAttributes (28ms)
				AfterProcessingInitializeOnLoad (10ms)
				EditorAssembliesLoaded (0ms)
			ExecutionOrderSort2 (0ms)
			AwakeInstancesAfterBackupRestoration (8ms)
Platform modules already initialized, skipping
========================================================================
Worker process is ready to serve import requests
Launched and connected shader compiler UnityShaderCompiler.exe after 0.07 seconds
Refreshing native plugins compatible for Editor in 0.31 ms, found 0 plugins.
Preloading 0 native plugins for Editor in 0.00 ms.
Unloading 705 Unused Serialized files (Serialized files now loaded: 0)
Unloading 8 unused Assets / (46.3 KB). Loaded Objects now: 1179.
Memory consumption went from 44.1 MB to 44.0 MB.
Total: 3.438700 ms (FindLiveObjects: 0.129200 ms CreateObjectMapping: 0.029300 ms MarkObjects: 3.081500 ms  DeleteObjects: 0.197000 ms)

AssetImportParameters requested are different than current active one (requested -> active):
  custom:video-decoder-ogg-theora: a1e56fd34408186e4bbccfd4996cb3dc -> 
  custom:container-muxer-webm: aa71ff27fc2769a1b78a27578f13a17b -> 
  custom:container-demuxer-webm: 4f35f7cbe854078d1ac9338744f61a02 -> 
  custom:video-encoder-webm-vp8: eb34c28f22e8b96e1ab97ce403110664 -> 
  custom:video-codec-MediaFoundation-h265: 746d11721c4dcdbdad8f713fa42b33f4 -> 
  custom:CustomObjectIndexerAttribute: bc11b3a6c3213fcdd17b65e7da85e133 -> 
  custom:audio-encoder-webm-vorbis: bf7c407c2cedff20999df2af8eb42d56 -> 
  custom:framework-win-MediaFoundation: 216162199b28c13a410421893ffa2e32 -> 
  custom:SearchIndexIgnoredProperties: e643bd26f0fe6173181afceb89e7c659 -> 
  custom:container-demuxer-ogg: 62fdf1f143b41e24485cea50d1cbac27 -> 
  custom:video-decoder-webm-vp8: 9c59270c3fd7afecdb556c50c9e8de78 -> 
  custom:audio-decoder-ogg-vorbis: bf7c407c2cedff20999df2af8eb42d56 -> 
========================================================================
Received Import Request.
  Time since last request: 20990.214538 seconds.
  path: Assets/Urgot/icons2d
  artifactKey: Guid(4cb8b34ba7bf51740a808118910797e5) Importer(815301076,1909f56bfc062723c751e8b465ee728b)
Number of updated assets reloaded before import = 0
Start importing Assets/Urgot/icons2d using Guid(4cb8b34ba7bf51740a808118910797e5) Importer(815301076,1909f56bfc062723c751e8b465ee728b)  -> (artifact id: 'b8eb9bf64b81da18e5f8a0544c8ee9b2') in 0.035516 seconds 
Number of asset objects unloaded after import = 0
========================================================================
Received Import Request.
  Time since last request: 3398.764250 seconds.
  path: Assets/Urgot/29846750.wem
  artifactKey: Guid(abfb3d7cb0aa85d4da90894eb72e7b81) Importer(815301076,1909f56bfc062723c751e8b465ee728b)
Number of updated assets reloaded before import = 0
Start importing Assets/Urgot/29846750.wem using Guid(abfb3d7cb0aa85d4da90894eb72e7b81) Importer(815301076,1909f56bfc062723c751e8b465ee728b)  -> (artifact id: 'bcb48605dc24bda60176c31701fe8c4c') in 0.107097 seconds 
Number of asset objects unloaded after import = 1
========================================================================
Received Import Request.
  Time since last request: 646.856519 seconds.
  path: Assets/Urgot/Materials
  artifactKey: Guid(8655bc8a4a3b1dc4ea279d2219855dc9) Importer(815301076,1909f56bfc062723c751e8b465ee728b)
Number of updated assets reloaded before import = 0
Start importing Assets/Urgot/Materials using Guid(8655bc8a4a3b1dc4ea279d2219855dc9) Importer(815301076,1909f56bfc062723c751e8b465ee728b)  -> (artifact id: 'a78040aafeae021b22d0629c7f79f24d') in 0.014160 seconds 
Number of asset objects unloaded after import = 0
========================================================================
Received Import Request.
  Time since last request: 236.839161 seconds.
  path: Assets/Urgot/icons2d/urgot_e.png
  artifactKey: Guid(ee9f5c9101309954db13307430184105) Importer(815301076,1909f56bfc062723c751e8b465ee728b)
Number of updated assets reloaded before import = 0
Start importing Assets/Urgot/icons2d/urgot_e.png using Guid(ee9f5c9101309954db13307430184105) Importer(815301076,1909f56bfc062723c751e8b465ee728b)  -> (artifact id: 'a372939e644e911e003fd295603db3bd') in 0.258034 seconds 
Number of asset objects unloaded after import = 2
========================================================================
Received Import Request.
  Time since last request: 0.000041 seconds.
  path: Assets/Urgot/icons2d/urgot_q.png
  artifactKey: Guid(cc3ce6afa41bf7f4c88cdc5334c8ae4e) Importer(815301076,1909f56bfc062723c751e8b465ee728b)
Number of updated assets reloaded before import = 0
Start importing Assets/Urgot/icons2d/urgot_q.png using Guid(cc3ce6afa41bf7f4c88cdc5334c8ae4e) Importer(815301076,1909f56bfc062723c751e8b465ee728b)  -> (artifact id: '8987ee4c9578ff8d88a1515206e72fa9') in 0.038848 seconds 
Number of asset objects unloaded after import = 2
========================================================================
Received Import Request.
  Time since last request: 61.916651 seconds.
  path: Assets/Urgot/icons2d/urgot_e.png
  artifactKey: Guid(ee9f5c9101309954db13307430184105) Importer(815301076,1909f56bfc062723c751e8b465ee728b)
Number of updated assets reloaded before import = 0
Start importing Assets/Urgot/icons2d/urgot_e.png using Guid(ee9f5c9101309954db13307430184105) Importer(815301076,1909f56bfc062723c751e8b465ee728b)  -> (artifact id: '90ab98d26b1d0ce3b51425a17d9995f3') in 0.101880 seconds 
Number of asset objects unloaded after import = 3
========================================================================
Received Import Request.
  Time since last request: 0.000056 seconds.
  path: Assets/Urgot/icons2d/urgot_rrecast_grey.png
  artifactKey: Guid(03b9a118646002449a5ffb1d08bd8e29) Importer(815301076,1909f56bfc062723c751e8b465ee728b)
Number of updated assets reloaded before import = 0
Start importing Assets/Urgot/icons2d/urgot_rrecast_grey.png using Guid(03b9a118646002449a5ffb1d08bd8e29) Importer(815301076,1909f56bfc062723c751e8b465ee728b)  -> (artifact id: '173e56498fe13d183a41dbd6d7e41f5e') in 0.038970 seconds 
Number of asset objects unloaded after import = 3
========================================================================
Received Import Request.
  Time since last request: 0.000039 seconds.
  path: Assets/Urgot/icons2d/urgot_rrecast.png
  artifactKey: Guid(524d97d7c0961d945b71e34751fb84d5) Importer(815301076,1909f56bfc062723c751e8b465ee728b)
Number of updated assets reloaded before import = 0
Start importing Assets/Urgot/icons2d/urgot_rrecast.png using Guid(524d97d7c0961d945b71e34751fb84d5) Importer(815301076,1909f56bfc062723c751e8b465ee728b)  -> (artifact id: '628f4a298fe81fe0338d9f0aa374e4a6') in 0.041209 seconds 
Number of asset objects unloaded after import = 3
========================================================================
Received Import Request.
  Time since last request: 0.000027 seconds.
  path: Assets/Urgot/icons2d/urgot_w.png
  artifactKey: Guid(be613ce9e098c2440a92c5d3eea6d770) Importer(815301076,1909f56bfc062723c751e8b465ee728b)
Number of updated assets reloaded before import = 0
Start importing Assets/Urgot/icons2d/urgot_w.png using Guid(be613ce9e098c2440a92c5d3eea6d770) Importer(815301076,1909f56bfc062723c751e8b465ee728b)  -> (artifact id: '2f2030e6d8e5f1c5f34c5588bf4c0276') in 0.039445 seconds 
Number of asset objects unloaded after import = 3
========================================================================
Received Import Request.
  Time since last request: 0.000041 seconds.
  path: Assets/Urgot/icons2d/urgot_q.png
  artifactKey: Guid(cc3ce6afa41bf7f4c88cdc5334c8ae4e) Importer(815301076,1909f56bfc062723c751e8b465ee728b)
Number of updated assets reloaded before import = 0
Start importing Assets/Urgot/icons2d/urgot_q.png using Guid(cc3ce6afa41bf7f4c88cdc5334c8ae4e) Importer(815301076,1909f56bfc062723c751e8b465ee728b)  -> (artifact id: '2be66ef822a304a40d6b55922f5298d5') in 0.038249 seconds 
Number of asset objects unloaded after import = 3
========================================================================
Received Import Request.
  Time since last request: 0.000022 seconds.
  path: Assets/Urgot/icons2d/urgot_r.png
  artifactKey: Guid(4f3c3af3d6dad134d8f08e4efdf63561) Importer(815301076,1909f56bfc062723c751e8b465ee728b)
Number of updated assets reloaded before import = 0
Start importing Assets/Urgot/icons2d/urgot_r.png using Guid(4f3c3af3d6dad134d8f08e4efdf63561) Importer(815301076,1909f56bfc062723c751e8b465ee728b)  -> (artifact id: 'ccd43fd89f48b4d88c7b70ff23a12748') in 0.038424 seconds 
Number of asset objects unloaded after import = 3
Editor requested this worker to shutdown with reason: Scaling down because of idle timeout
AssetImportWorker is now disconnected from the server
Process exiting
Exiting without the bug reporter. Application will terminate with return code 0