Using pre-set license
Built from '2021.3/staging' branch; Version is '2021.3.33f1 (ee5a2aa03ab2) revision 15620650'; Using compiler version '192829333'; Build Type 'Release'
OS: 'Windows 11  (10.0.26100) 64bit Core' Language: 'de' Physical Memory: 16307 MB
BatchMode: 1, IsHumanControllingUs: 0, StartBugReporterOnCrash: 0, Is64bit: 1, IsPro: 1

COMMAND LINE ARGUMENTS:
C:\Program Files\Unity\Hub\Editor\2021.3.33f1\Editor\Unity.exe
-adb2
-batchMode
-noUpm
-name
AssetImportWorker0
-projectPath
C:/RoR2 Modding/Urgot-master/UrgotUnityProject
-logFile
Logs/AssetImportWorker0.log
-srvPort
61681
Successfully changed project path to: C:/RoR2 Modding/Urgot-master/UrgotUnityProject
C:/RoR2 Modding/Urgot-master/UrgotUnityProject
[UnityMemory] Configuration Parameters - Can be set up in boot.config
    "memorysetup-bucket-allocator-granularity=16"
    "memorysetup-bucket-allocator-bucket-count=8"
    "memorysetup-bucket-allocator-block-size=33554432"
    "memorysetup-bucket-allocator-block-count=8"
    "memorysetup-main-allocator-block-size=16777216"
    "memorysetup-thread-allocator-block-size=16777216"
    "memorysetup-gfx-main-allocator-block-size=16777216"
    "memorysetup-gfx-thread-allocator-block-size=16777216"
    "memorysetup-cache-allocator-block-size=4194304"
    "memorysetup-typetree-allocator-block-size=2097152"
    "memorysetup-profiler-bucket-allocator-granularity=16"
    "memorysetup-profiler-bucket-allocator-bucket-count=8"
    "memorysetup-profiler-bucket-allocator-block-size=33554432"
    "memorysetup-profiler-bucket-allocator-block-count=8"
    "memorysetup-profiler-allocator-block-size=16777216"
    "memorysetup-profiler-editor-allocator-block-size=1048576"
    "memorysetup-temp-allocator-size-main=16777216"
    "memorysetup-job-temp-allocator-block-size=2097152"
    "memorysetup-job-temp-allocator-block-size-background=1048576"
    "memorysetup-job-temp-allocator-reduction-small-platforms=262144"
    "memorysetup-temp-allocator-size-background-worker=32768"
    "memorysetup-temp-allocator-size-job-worker=262144"
    "memorysetup-temp-allocator-size-preload-manager=33554432"
    "memorysetup-temp-allocator-size-nav-mesh-worker=65536"
    "memorysetup-temp-allocator-size-audio-worker=65536"
    "memorysetup-temp-allocator-size-cloud-worker=32768"
    "memorysetup-temp-allocator-size-gi-baking-worker=262144"
    "memorysetup-temp-allocator-size-gfx=262144"
Player connection [20216] Host "[IP] 192.168.178.29 [Port] 0 [Flags] 2 [Guid] 2896568116 [EditorId] 2896568116 [Version] 1048832 [Id] WindowsEditor(7,Pauls-PC-mehr-C) [Debug] 1 [PackageName] WindowsEditor [ProjectName] Editor" joined multi-casting on [225.0.0.222:54997]...

Player connection [20216] Host "[IP] 192.168.178.29 [Port] 0 [Flags] 2 [Guid] 2896568116 [EditorId] 2896568116 [Version] 1048832 [Id] WindowsEditor(7,Pauls-PC-mehr-C) [Debug] 1 [PackageName] WindowsEditor [ProjectName] Editor" joined alternative multi-casting on [225.0.0.222:34997]...

[Physics::Module] Initialized MultithreadedJobDispatcher with {0} workers.
Refreshing native plugins compatible for Editor in 22.87 ms, found 0 plugins.
Preloading 0 native plugins for Editor in 0.00 ms.
Initialize engine version: 2021.3.33f1 (ee5a2aa03ab2)
[Subsystems] Discovering subsystems at path C:/Program Files/Unity/Hub/Editor/2021.3.33f1/Editor/Data/Resources/UnitySubsystems
[Subsystems] Discovering subsystems at path C:/RoR2 Modding/Urgot-master/UrgotUnityProject/Assets
GfxDevice: creating device client; threaded=0; jobified=0
Direct3D:
    Version:  Direct3D 11.0 [level 11.1]
    Renderer: NVIDIA GeForce RTX 3070 (ID=0x2484)
    Vendor:   NVIDIA
    VRAM:     8018 MB
    Driver:   32.0.15.6094
Initialize mono
Mono path[0] = 'C:/Program Files/Unity/Hub/Editor/2021.3.33f1/Editor/Data/Managed'
Mono path[1] = 'C:/Program Files/Unity/Hub/Editor/2021.3.33f1/Editor/Data/MonoBleedingEdge/lib/mono/unityjit-win32'
Mono config path = 'C:/Program Files/Unity/Hub/Editor/2021.3.33f1/Editor/Data/MonoBleedingEdge/etc'
Using monoOptions --debugger-agent=transport=dt_socket,embedding=1,server=y,suspend=n,address=127.0.0.1:56024
Begin MonoManager ReloadAssembly
Registering precompiled unity dll's ...
Register platform support module: C:/Program Files/Unity/Hub/Editor/2021.3.33f1/Editor/Data/PlaybackEngines/WindowsStandaloneSupport/UnityEditor.WindowsStandalone.Extensions.dll
Registered in 0.007134 seconds.
Native extension for WindowsStandalone target not found
Refreshing native plugins compatible for Editor in 20.16 ms, found 0 plugins.
Preloading 0 native plugins for Editor in 0.00 ms.
Mono: successfully reloaded assembly
- Completed reload, in  0.758 seconds
Domain Reload Profiling:
	ReloadAssembly (759ms)
		BeginReloadAssembly (134ms)
			ExecutionOrderSort (0ms)
			DisableScriptedObjects (0ms)
			BackupInstance (0ms)
			ReleaseScriptingObjects (0ms)
			CreateAndSetChildDomain (1ms)
		EndReloadAssembly (499ms)
			LoadAssemblies (130ms)
			RebuildTransferFunctionScriptingTraits (0ms)
			SetupTypeCache (131ms)
			ReleaseScriptCaches (0ms)
			RebuildScriptCaches (38ms)
			SetupLoadedEditorAssemblies (282ms)
				LogAssemblyErrors (0ms)
				InitializePlatformSupportModulesInManaged (13ms)
				SetLoadedEditorAssemblies (0ms)
				RefreshPlugins (20ms)
				BeforeProcessingInitializeOnLoad (2ms)
				ProcessInitializeOnLoadAttributes (188ms)
				ProcessInitializeOnLoadMethodAttributes (58ms)
				AfterProcessingInitializeOnLoad (0ms)
				EditorAssembliesLoaded (0ms)
			ExecutionOrderSort2 (0ms)
			AwakeInstancesAfterBackupRestoration (0ms)
Platform modules already initialized, skipping
Registering precompiled user dll's ...
Registered in 0.000811 seconds.
Begin MonoManager ReloadAssembly
Native extension for WindowsStandalone target not found
Refreshing native plugins compatible for Editor in 0.19 ms, found 0 plugins.
Preloading 0 native plugins for Editor in 0.00 ms.
Mono: successfully reloaded assembly
- Completed reload, in  0.852 seconds
Domain Reload Profiling:
	ReloadAssembly (853ms)
		BeginReloadAssembly (164ms)
			ExecutionOrderSort (0ms)
			DisableScriptedObjects (7ms)
			BackupInstance (0ms)
			ReleaseScriptingObjects (0ms)
			CreateAndSetChildDomain (21ms)
		EndReloadAssembly (561ms)
			LoadAssemblies (108ms)
			RebuildTransferFunctionScriptingTraits (0ms)
			SetupTypeCache (146ms)
			ReleaseScriptCaches (1ms)
			RebuildScriptCaches (43ms)
			SetupLoadedEditorAssemblies (261ms)
				LogAssemblyErrors (0ms)
				InitializePlatformSupportModulesInManaged (7ms)
				SetLoadedEditorAssemblies (1ms)
				RefreshPlugins (0ms)
				BeforeProcessingInitializeOnLoad (52ms)
				ProcessInitializeOnLoadAttributes (159ms)
				ProcessInitializeOnLoadMethodAttributes (32ms)
				AfterProcessingInitializeOnLoad (10ms)
				EditorAssembliesLoaded (0ms)
			ExecutionOrderSort2 (0ms)
			AwakeInstancesAfterBackupRestoration (8ms)
Platform modules already initialized, skipping
========================================================================
Worker process is ready to serve import requests
Launched and connected shader compiler UnityShaderCompiler.exe after 0.07 seconds
Refreshing native plugins compatible for Editor in 0.30 ms, found 0 plugins.
Preloading 0 native plugins for Editor in 0.00 ms.
Unloading 705 Unused Serialized files (Serialized files now loaded: 0)
Unloading 8 unused Assets / (46.3 KB). Loaded Objects now: 1179.
Memory consumption went from 44.1 MB to 44.1 MB.
Total: 6.814400 ms (FindLiveObjects: 0.415500 ms CreateObjectMapping: 0.030900 ms MarkObjects: 6.068700 ms  DeleteObjects: 0.294800 ms)

AssetImportParameters requested are different than current active one (requested -> active):
  custom:video-decoder-ogg-theora: a1e56fd34408186e4bbccfd4996cb3dc -> 
  custom:container-muxer-webm: aa71ff27fc2769a1b78a27578f13a17b -> 
  custom:container-demuxer-webm: 4f35f7cbe854078d1ac9338744f61a02 -> 
  custom:video-encoder-webm-vp8: eb34c28f22e8b96e1ab97ce403110664 -> 
  custom:video-codec-MediaFoundation-h265: 746d11721c4dcdbdad8f713fa42b33f4 -> 
  custom:CustomObjectIndexerAttribute: bc11b3a6c3213fcdd17b65e7da85e133 -> 
  custom:audio-encoder-webm-vorbis: bf7c407c2cedff20999df2af8eb42d56 -> 
  custom:framework-win-MediaFoundation: 216162199b28c13a410421893ffa2e32 -> 
  custom:SearchIndexIgnoredProperties: e643bd26f0fe6173181afceb89e7c659 -> 
  custom:container-demuxer-ogg: 62fdf1f143b41e24485cea50d1cbac27 -> 
  custom:video-decoder-webm-vp8: 9c59270c3fd7afecdb556c50c9e8de78 -> 
  custom:audio-decoder-ogg-vorbis: bf7c407c2cedff20999df2af8eb42d56 -> 
========================================================================
Received Import Request.
  Time since last request: 20313.383318 seconds.
  path: Assets/Urgot/Model/Urgot_all_anim.fbx
  artifactKey: Guid(e11e753927f347d4fa779e4fcabbcc6a) Importer(815301076,1909f56bfc062723c751e8b465ee728b)
Number of updated assets reloaded before import = 0
Start importing Assets/Urgot/Model/Urgot_all_anim.fbx using Guid(e11e753927f347d4fa779e4fcabbcc6a) Importer(815301076,1909f56bfc062723c751e8b465ee728b)  -> (artifact id: 'bb402b39991b0735b39fc6d0c3b44caf') in 0.417361 seconds 
Number of asset objects unloaded after import = 291
========================================================================
Received Import Request.
  Time since last request: 39.089792 seconds.
  path: Assets/Urgot/Model/Urgot_all_anim.fbx
  artifactKey: Guid(e11e753927f347d4fa779e4fcabbcc6a) Importer(815301076,1909f56bfc062723c751e8b465ee728b)
Number of updated assets reloaded before import = 0
Start importing Assets/Urgot/Model/Urgot_all_anim.fbx using Guid(e11e753927f347d4fa779e4fcabbcc6a) Importer(815301076,1909f56bfc062723c751e8b465ee728b)  -> (artifact id: '59a2cc78f4404b96e4e836cf9794879d') in 0.070409 seconds 
Number of asset objects unloaded after import = 291
========================================================================
Received Import Request.
  Time since last request: 44.960144 seconds.
  path: Assets/Urgot/Model/Urgot_all_anim.fbx
  artifactKey: Guid(e11e753927f347d4fa779e4fcabbcc6a) Importer(815301076,1909f56bfc062723c751e8b465ee728b)
Number of updated assets reloaded before import = 0
Start importing Assets/Urgot/Model/Urgot_all_anim.fbx using Guid(e11e753927f347d4fa779e4fcabbcc6a) Importer(815301076,1909f56bfc062723c751e8b465ee728b)  -> (artifact id: '52cf775b7a21ad4976c0d80c239c390e') in 0.112796 seconds 
Number of asset objects unloaded after import = 291
========================================================================
Received Import Request.
  Time since last request: 13.769567 seconds.
  path: Assets/Urgot/mdlUrgot.prefab
  artifactKey: Guid(ce88a8c0373c7e44199a971a4dffec4c) Importer(815301076,1909f56bfc062723c751e8b465ee728b)
Number of updated assets reloaded before import = 0
Start importing Assets/Urgot/mdlUrgot.prefab using Guid(ce88a8c0373c7e44199a971a4dffec4c) Importer(815301076,1909f56bfc062723c751e8b465ee728b)  -> (artifact id: '6af023861e13a2be5c2d53ae52bc1bf9') in 0.070927 seconds 
Number of asset objects unloaded after import = 369
========================================================================
Received Import Request.
  Time since last request: 26.365392 seconds.
  path: Assets/Urgot/particles
  artifactKey: Guid(595af95deee31b34eaa984fc815994f9) Importer(815301076,1909f56bfc062723c751e8b465ee728b)
Number of updated assets reloaded before import = 0
Start importing Assets/Urgot/particles using Guid(595af95deee31b34eaa984fc815994f9) Importer(815301076,1909f56bfc062723c751e8b465ee728b)  -> (artifact id: '48e336951d0f4ee52549503a33e1a89f') in 0.032499 seconds 
Number of asset objects unloaded after import = 0
========================================================================
Received Import Request.
  Time since last request: 6.819146 seconds.
  path: Assets/HenryAssets/HenryBundle
  artifactKey: Guid(ef06804852cee460daf2bf955d281cd7) Importer(815301076,1909f56bfc062723c751e8b465ee728b)
Number of updated assets reloaded before import = 0
Start importing Assets/HenryAssets/HenryBundle using Guid(ef06804852cee460daf2bf955d281cd7) Importer(815301076,1909f56bfc062723c751e8b465ee728b)  -> (artifact id: 'ccb7f6ebf6a9c7f36a3833d11fe9559a') in 0.029486 seconds 
Number of asset objects unloaded after import = 0
========================================================================
Received Import Request.
  Time since last request: 0.060403 seconds.
  path: Assets/HenryAssets/HenryBundle/HenryBombGhost.prefab
  artifactKey: Guid(2b1ae6eb92856db41a261cf5336101dc) Importer(815301076,1909f56bfc062723c751e8b465ee728b)
Number of updated assets reloaded before import = 0
Start importing Assets/HenryAssets/HenryBundle/HenryBombGhost.prefab using Guid(2b1ae6eb92856db41a261cf5336101dc) Importer(815301076,1909f56bfc062723c751e8b465ee728b)  -> (artifact id: '2771435f70d4e7a68dcd3f1e2ecb078d') in 0.017870 seconds 
Number of asset objects unloaded after import = 31
========================================================================
Received Import Request.
  Time since last request: 0.000026 seconds.
  path: Assets/HenryAssets/HenryBundle/mdlHenry.prefab
  artifactKey: Guid(a32fb17ad7dfd7b4f8b893feaf7d7512) Importer(815301076,1909f56bfc062723c751e8b465ee728b)
Number of updated assets reloaded before import = 0
Start importing Assets/HenryAssets/HenryBundle/mdlHenry.prefab using Guid(a32fb17ad7dfd7b4f8b893feaf7d7512) Importer(815301076,1909f56bfc062723c751e8b465ee728b)  -> (artifact id: '3d4296ab2b2217e88669424008e66211') in 0.074936 seconds 
Number of asset objects unloaded after import = 163
========================================================================
Received Import Request.
  Time since last request: 1.133015 seconds.
  path: Assets/HenryAssets/HenryBundle/Animation
  artifactKey: Guid(d3c67419dbe4e444f859b5525eb2a55e) Importer(815301076,1909f56bfc062723c751e8b465ee728b)
Number of updated assets reloaded before import = 0
Start importing Assets/HenryAssets/HenryBundle/Animation using Guid(d3c67419dbe4e444f859b5525eb2a55e) Importer(815301076,1909f56bfc062723c751e8b465ee728b)  -> (artifact id: '28ea8c13cdd836dbf748d907a2e50185') in 0.028395 seconds 
Number of asset objects unloaded after import = 0
========================================================================
Received Import Request.
  Time since last request: 210.801530 seconds.
  path: Assets/Urgot/Model/Urgot_all_anim.fbx
  artifactKey: Guid(e11e753927f347d4fa779e4fcabbcc6a) Importer(815301076,1909f56bfc062723c751e8b465ee728b)
Number of updated assets reloaded before import = 0
Start importing Assets/Urgot/Model/Urgot_all_anim.fbx using Guid(e11e753927f347d4fa779e4fcabbcc6a) Importer(815301076,1909f56bfc062723c751e8b465ee728b)  -> (artifact id: '383db1fcc5b2f2f4bf63cc712c31a85c') in 0.123205 seconds 
Number of asset objects unloaded after import = 291
========================================================================
Received Import Request.
  Time since last request: 5.050013 seconds.
  path: Assets/Urgot/mdlUrgot.prefab
  artifactKey: Guid(ce88a8c0373c7e44199a971a4dffec4c) Importer(815301076,1909f56bfc062723c751e8b465ee728b)
Number of updated assets reloaded before import = 0
Start importing Assets/Urgot/mdlUrgot.prefab using Guid(ce88a8c0373c7e44199a971a4dffec4c) Importer(815301076,1909f56bfc062723c751e8b465ee728b)  -> (artifact id: '4ff2c82a17dc4228acc665ab3bd4ffac') in 0.064501 seconds 
Number of asset objects unloaded after import = 369
========================================================================
Received Import Request.
  Time since last request: 273.687455 seconds.
  path: Assets/HenryAssets/HenryBundle/Icons
  artifactKey: Guid(47c84ffeb5c6acd4bbe272de81354ff1) Importer(815301076,1909f56bfc062723c751e8b465ee728b)
Number of updated assets reloaded before import = 0
Start importing Assets/HenryAssets/HenryBundle/Icons using Guid(47c84ffeb5c6acd4bbe272de81354ff1) Importer(815301076,1909f56bfc062723c751e8b465ee728b)  -> (artifact id: 'e50db86d398679a697ad19dd02988283') in 0.029128 seconds 
Number of asset objects unloaded after import = 0
========================================================================
Received Import Request.
  Time since last request: 0.030208 seconds.
  path: Assets/HenryAssets/HenryBundle/Icons/texBazookaFireIcon.png
  artifactKey: Guid(0f9f21ad430f4f54f8d8c957423aaa01) Importer(815301076,1909f56bfc062723c751e8b465ee728b)
Number of updated assets reloaded before import = 0
Start importing Assets/HenryAssets/HenryBundle/Icons/texBazookaFireIcon.png using Guid(0f9f21ad430f4f54f8d8c957423aaa01) Importer(815301076,1909f56bfc062723c751e8b465ee728b)  -> (artifact id: '987f46244a285188725df918b8950eed') in 0.106523 seconds 
Number of asset objects unloaded after import = 3
========================================================================
Received Import Request.
  Time since last request: 0.000025 seconds.
  path: Assets/HenryAssets/HenryBundle/Icons/texBazookaIconScepter.png
  artifactKey: Guid(e119c5e88338a5b4f969d3e343bacc4a) Importer(815301076,1909f56bfc062723c751e8b465ee728b)
Number of updated assets reloaded before import = 0
Start importing Assets/HenryAssets/HenryBundle/Icons/texBazookaIconScepter.png using Guid(e119c5e88338a5b4f969d3e343bacc4a) Importer(815301076,1909f56bfc062723c751e8b465ee728b)  -> (artifact id: 'c6b67607f875dafed858ed6407a0a737') in 0.047587 seconds 
Number of asset objects unloaded after import = 3
========================================================================
Received Import Request.
  Time since last request: 0.000019 seconds.
  path: Assets/HenryAssets/HenryBundle/Icons/texStingerIcon.png
  artifactKey: Guid(31c8fd0c545a5bd4288e60de1ab81d77) Importer(815301076,1909f56bfc062723c751e8b465ee728b)
Number of updated assets reloaded before import = 0
Start importing Assets/HenryAssets/HenryBundle/Icons/texStingerIcon.png using Guid(31c8fd0c545a5bd4288e60de1ab81d77) Importer(815301076,1909f56bfc062723c751e8b465ee728b)  -> (artifact id: 'acbfa50dd09be54c6d556a8e284e069b') in 0.041334 seconds 
Number of asset objects unloaded after import = 3
========================================================================
Received Import Request.
  Time since last request: 0.000029 seconds.
  path: Assets/HenryAssets/HenryBundle/Icons/texMasteryAchievement.png
  artifactKey: Guid(b6f91ba019353654992c4a536e207a87) Importer(815301076,1909f56bfc062723c751e8b465ee728b)
Number of updated assets reloaded before import = 0
Start importing Assets/HenryAssets/HenryBundle/Icons/texMasteryAchievement.png using Guid(b6f91ba019353654992c4a536e207a87) Importer(815301076,1909f56bfc062723c751e8b465ee728b)  -> (artifact id: '1fed6f11a3986c6bacdc311e6d9dfec4') in 0.044635 seconds 
Number of asset objects unloaded after import = 3
========================================================================
Received Import Request.
  Time since last request: 0.000063 seconds.
  path: Assets/HenryAssets/HenryBundle/Icons/texUtilityIcon.png
  artifactKey: Guid(0f5783e971afb924daa22df12d6c1325) Importer(815301076,1909f56bfc062723c751e8b465ee728b)
Number of updated assets reloaded before import = 0
Start importing Assets/HenryAssets/HenryBundle/Icons/texUtilityIcon.png using Guid(0f5783e971afb924daa22df12d6c1325) Importer(815301076,1909f56bfc062723c751e8b465ee728b)  -> (artifact id: '1683f633f081aba7f2475c1a25c60277') in 0.044516 seconds 
Number of asset objects unloaded after import = 3
========================================================================
Received Import Request.
  Time since last request: 0.000032 seconds.
  path: Assets/HenryAssets/HenryBundle/Icons/texScepterSpecialIcon.png
  artifactKey: Guid(7f917d475f31279429e73be47da690cf) Importer(815301076,1909f56bfc062723c751e8b465ee728b)
Number of updated assets reloaded before import = 0
Start importing Assets/HenryAssets/HenryBundle/Icons/texScepterSpecialIcon.png using Guid(7f917d475f31279429e73be47da690cf) Importer(815301076,1909f56bfc062723c751e8b465ee728b)  -> (artifact id: '2c32eb7faaf039059eb9913aadb4ece8') in 0.047138 seconds 
Number of asset objects unloaded after import = 3
========================================================================
Received Import Request.
  Time since last request: 0.000032 seconds.
  path: Assets/HenryAssets/HenryBundle/Icons/texPrimaryIcon.png
  artifactKey: Guid(4d32648010cd8714d980002a6b64b503) Importer(815301076,1909f56bfc062723c751e8b465ee728b)
Number of updated assets reloaded before import = 0
Start importing Assets/HenryAssets/HenryBundle/Icons/texPrimaryIcon.png using Guid(4d32648010cd8714d980002a6b64b503) Importer(815301076,1909f56bfc062723c751e8b465ee728b)  -> (artifact id: '9e41ddb5b2391fa7da1ba1686bf31fc1') in 0.043747 seconds 
Number of asset objects unloaded after import = 3
========================================================================
Received Import Request.
  Time since last request: 0.000025 seconds.
  path: Assets/HenryAssets/HenryBundle/Icons/texDanteAchievement.png
  artifactKey: Guid(0ff3d822bc8b06c47a68961bedd56527) Importer(815301076,1909f56bfc062723c751e8b465ee728b)
Number of updated assets reloaded before import = 0
Start importing Assets/HenryAssets/HenryBundle/Icons/texDanteAchievement.png using Guid(0ff3d822bc8b06c47a68961bedd56527) Importer(815301076,1909f56bfc062723c751e8b465ee728b)  -> (artifact id: '603722b3ad5be9a55a0d599822524464') in 0.035973 seconds 
Number of asset objects unloaded after import = 3
========================================================================
Received Import Request.
  Time since last request: 0.000034 seconds.
  path: Assets/HenryAssets/HenryBundle/Icons/texUziIcon.png
  artifactKey: Guid(7dc50a481e30621478e97e22dd146240) Importer(815301076,1909f56bfc062723c751e8b465ee728b)
Number of updated assets reloaded before import = 0
Start importing Assets/HenryAssets/HenryBundle/Icons/texUziIcon.png using Guid(7dc50a481e30621478e97e22dd146240) Importer(815301076,1909f56bfc062723c751e8b465ee728b)  -> (artifact id: '4c352ceb5beeec85aed5af504d815ab5') in 0.039216 seconds 
Number of asset objects unloaded after import = 3
========================================================================
Received Import Request.
  Time since last request: 0.000030 seconds.
  path: Assets/HenryAssets/HenryBundle/Icons/texBazookaOutIcon.png
  artifactKey: Guid(a674d53890234de448e9a9df223245a5) Importer(815301076,1909f56bfc062723c751e8b465ee728b)
Number of updated assets reloaded before import = 0
Start importing Assets/HenryAssets/HenryBundle/Icons/texBazookaOutIcon.png using Guid(a674d53890234de448e9a9df223245a5) Importer(815301076,1909f56bfc062723c751e8b465ee728b)  -> (artifact id: 'e5cfdd16c1c04ce62cbf02c0711e6fa1') in 0.039465 seconds 
Number of asset objects unloaded after import = 3
========================================================================
Received Import Request.
  Time since last request: 0.000038 seconds.
  path: Assets/HenryAssets/HenryBundle/Icons/texGrandMasteryAchievement.png
  artifactKey: Guid(aab7c4bd18bd57d43a6394017057f8bd) Importer(815301076,1909f56bfc062723c751e8b465ee728b)
Number of updated assets reloaded before import = 0
Start importing Assets/HenryAssets/HenryBundle/Icons/texGrandMasteryAchievement.png using Guid(aab7c4bd18bd57d43a6394017057f8bd) Importer(815301076,1909f56bfc062723c751e8b465ee728b)  -> (artifact id: '58d5fe13a0870743c3f0b2638246c9f9') in 0.040413 seconds 
Number of asset objects unloaded after import = 3
Editor requested this worker to shutdown with reason: Scaling down because of idle timeout
AssetImportWorker is now disconnected from the server
Process exiting
Exiting without the bug reporter. Application will terminate with return code 0