Using pre-set license
Built from '2021.3/staging' branch; Version is '2021.3.33f1 (ee5a2aa03ab2) revision 15620650'; Using compiler version '192829333'; Build Type 'Release'
OS: 'Windows 11  (10.0.26100) 64bit Core' Language: 'de' Physical Memory: 16307 MB
BatchMode: 1, IsHumanControllingUs: 0, StartBugReporterOnCrash: 0, Is64bit: 1, IsPro: 1

COMMAND LINE ARGUMENTS:
C:\Program Files\Unity\Hub\Editor\2021.3.33f1\Editor\Unity.exe
-adb2
-batchMode
-noUpm
-name
AssetImportWorker0
-projectPath
C:/RoR2 Modding/HenryTutorial-master/HenryUnityProject
-logFile
Logs/AssetImportWorker0.log
-srvPort
49801
Successfully changed project path to: C:/RoR2 Modding/HenryTutorial-master/HenryUnityProject
C:/RoR2 Modding/HenryTutorial-master/HenryUnityProject
[UnityMemory] Configuration Parameters - Can be set up in boot.config
    "memorysetup-bucket-allocator-granularity=16"
    "memorysetup-bucket-allocator-bucket-count=8"
    "memorysetup-bucket-allocator-block-size=33554432"
    "memorysetup-bucket-allocator-block-count=8"
    "memorysetup-main-allocator-block-size=16777216"
    "memorysetup-thread-allocator-block-size=16777216"
    "memorysetup-gfx-main-allocator-block-size=16777216"
    "memorysetup-gfx-thread-allocator-block-size=16777216"
    "memorysetup-cache-allocator-block-size=4194304"
    "memorysetup-typetree-allocator-block-size=2097152"
    "memorysetup-profiler-bucket-allocator-granularity=16"
    "memorysetup-profiler-bucket-allocator-bucket-count=8"
    "memorysetup-profiler-bucket-allocator-block-size=33554432"
    "memorysetup-profiler-bucket-allocator-block-count=8"
    "memorysetup-profiler-allocator-block-size=16777216"
    "memorysetup-profiler-editor-allocator-block-size=1048576"
    "memorysetup-temp-allocator-size-main=16777216"
    "memorysetup-job-temp-allocator-block-size=2097152"
    "memorysetup-job-temp-allocator-block-size-background=1048576"
    "memorysetup-job-temp-allocator-reduction-small-platforms=262144"
    "memorysetup-temp-allocator-size-background-worker=32768"
    "memorysetup-temp-allocator-size-job-worker=262144"
    "memorysetup-temp-allocator-size-preload-manager=33554432"
    "memorysetup-temp-allocator-size-nav-mesh-worker=65536"
    "memorysetup-temp-allocator-size-audio-worker=65536"
    "memorysetup-temp-allocator-size-cloud-worker=32768"
    "memorysetup-temp-allocator-size-gi-baking-worker=262144"
    "memorysetup-temp-allocator-size-gfx=262144"
Player connection [14180] Host "[IP] 192.168.178.29 [Port] 0 [Flags] 2 [Guid] 2908962388 [EditorId] 2908962388 [Version] 1048832 [Id] WindowsEditor(7,Pauls-PC-mehr-C) [Debug] 1 [PackageName] WindowsEditor [ProjectName] Editor" joined multi-casting on [225.0.0.222:54997]...

Player connection [14180] Host "[IP] 192.168.178.29 [Port] 0 [Flags] 2 [Guid] 2908962388 [EditorId] 2908962388 [Version] 1048832 [Id] WindowsEditor(7,Pauls-PC-mehr-C) [Debug] 1 [PackageName] WindowsEditor [ProjectName] Editor" joined alternative multi-casting on [225.0.0.222:34997]...

[Physics::Module] Initialized MultithreadedJobDispatcher with {0} workers.
Refreshing native plugins compatible for Editor in 40.16 ms, found 0 plugins.
Preloading 0 native plugins for Editor in 0.00 ms.
Initialize engine version: 2021.3.33f1 (ee5a2aa03ab2)
[Subsystems] Discovering subsystems at path C:/Program Files/Unity/Hub/Editor/2021.3.33f1/Editor/Data/Resources/UnitySubsystems
[Subsystems] Discovering subsystems at path C:/RoR2 Modding/HenryTutorial-master/HenryUnityProject/Assets
GfxDevice: creating device client; threaded=0; jobified=0
Direct3D:
    Version:  Direct3D 11.0 [level 11.1]
    Renderer: NVIDIA GeForce RTX 3070 (ID=0x2484)
    Vendor:   NVIDIA
    VRAM:     8018 MB
    Driver:   32.0.15.6094
Initialize mono
Mono path[0] = 'C:/Program Files/Unity/Hub/Editor/2021.3.33f1/Editor/Data/Managed'
Mono path[1] = 'C:/Program Files/Unity/Hub/Editor/2021.3.33f1/Editor/Data/MonoBleedingEdge/lib/mono/unityjit-win32'
Mono config path = 'C:/Program Files/Unity/Hub/Editor/2021.3.33f1/Editor/Data/MonoBleedingEdge/etc'
Using monoOptions --debugger-agent=transport=dt_socket,embedding=1,server=y,suspend=n,address=127.0.0.1:56236
Begin MonoManager ReloadAssembly
Registering precompiled unity dll's ...
Register platform support module: C:/Program Files/Unity/Hub/Editor/2021.3.33f1/Editor/Data/PlaybackEngines/WindowsStandaloneSupport/UnityEditor.WindowsStandalone.Extensions.dll
Registered in 0.007233 seconds.
Native extension for WindowsStandalone target not found
Refreshing native plugins compatible for Editor in 20.45 ms, found 0 plugins.
Preloading 0 native plugins for Editor in 0.00 ms.
Mono: successfully reloaded assembly
- Completed reload, in  0.735 seconds
Domain Reload Profiling:
	ReloadAssembly (736ms)
		BeginReloadAssembly (121ms)
			ExecutionOrderSort (0ms)
			DisableScriptedObjects (0ms)
			BackupInstance (0ms)
			ReleaseScriptingObjects (0ms)
			CreateAndSetChildDomain (1ms)
		EndReloadAssembly (490ms)
			LoadAssemblies (116ms)
			RebuildTransferFunctionScriptingTraits (0ms)
			SetupTypeCache (130ms)
			ReleaseScriptCaches (0ms)
			RebuildScriptCaches (31ms)
			SetupLoadedEditorAssemblies (280ms)
				LogAssemblyErrors (0ms)
				InitializePlatformSupportModulesInManaged (9ms)
				SetLoadedEditorAssemblies (0ms)
				RefreshPlugins (21ms)
				BeforeProcessingInitializeOnLoad (2ms)
				ProcessInitializeOnLoadAttributes (185ms)
				ProcessInitializeOnLoadMethodAttributes (64ms)
				AfterProcessingInitializeOnLoad (0ms)
				EditorAssembliesLoaded (0ms)
			ExecutionOrderSort2 (0ms)
			AwakeInstancesAfterBackupRestoration (0ms)
Platform modules already initialized, skipping
Registering precompiled user dll's ...
Registered in 0.000915 seconds.
Begin MonoManager ReloadAssembly
Native extension for WindowsStandalone target not found
Refreshing native plugins compatible for Editor in 0.19 ms, found 0 plugins.
Preloading 0 native plugins for Editor in 0.00 ms.
Mono: successfully reloaded assembly
- Completed reload, in  2.707 seconds
Domain Reload Profiling:
	ReloadAssembly (2708ms)
		BeginReloadAssembly (185ms)
			ExecutionOrderSort (0ms)
			DisableScriptedObjects (10ms)
			BackupInstance (0ms)
			ReleaseScriptingObjects (0ms)
			CreateAndSetChildDomain (30ms)
		EndReloadAssembly (2381ms)
			LoadAssemblies (1927ms)
			RebuildTransferFunctionScriptingTraits (0ms)
			SetupTypeCache (161ms)
			ReleaseScriptCaches (0ms)
			RebuildScriptCaches (38ms)
			SetupLoadedEditorAssemblies (248ms)
				LogAssemblyErrors (0ms)
				InitializePlatformSupportModulesInManaged (6ms)
				SetLoadedEditorAssemblies (1ms)
				RefreshPlugins (0ms)
				BeforeProcessingInitializeOnLoad (48ms)
				ProcessInitializeOnLoadAttributes (147ms)
				ProcessInitializeOnLoadMethodAttributes (29ms)
				AfterProcessingInitializeOnLoad (17ms)
				EditorAssembliesLoaded (0ms)
			ExecutionOrderSort2 (0ms)
			AwakeInstancesAfterBackupRestoration (10ms)
Platform modules already initialized, skipping
========================================================================
Worker process is ready to serve import requests
Launched and connected shader compiler UnityShaderCompiler.exe after 0.07 seconds
Refreshing native plugins compatible for Editor in 0.29 ms, found 0 plugins.
Preloading 0 native plugins for Editor in 0.00 ms.
Unloading 705 Unused Serialized files (Serialized files now loaded: 0)
Unloading 8 unused Assets / (46.3 KB). Loaded Objects now: 1179.
Memory consumption went from 44.7 MB to 44.6 MB.
Total: 3.134000 ms (FindLiveObjects: 0.179000 ms CreateObjectMapping: 0.032600 ms MarkObjects: 2.827400 ms  DeleteObjects: 0.094000 ms)

AssetImportParameters requested are different than current active one (requested -> active):
  custom:video-decoder-ogg-theora: a1e56fd34408186e4bbccfd4996cb3dc -> 
  custom:container-muxer-webm: aa71ff27fc2769a1b78a27578f13a17b -> 
  custom:container-demuxer-webm: 4f35f7cbe854078d1ac9338744f61a02 -> 
  custom:video-encoder-webm-vp8: eb34c28f22e8b96e1ab97ce403110664 -> 
  custom:video-codec-MediaFoundation-h265: 746d11721c4dcdbdad8f713fa42b33f4 -> 
  custom:CustomObjectIndexerAttribute: bc11b3a6c3213fcdd17b65e7da85e133 -> 
  custom:audio-encoder-webm-vorbis: bf7c407c2cedff20999df2af8eb42d56 -> 
  custom:framework-win-MediaFoundation: 216162199b28c13a410421893ffa2e32 -> 
  custom:SearchIndexIgnoredProperties: e643bd26f0fe6173181afceb89e7c659 -> 
  custom:container-demuxer-ogg: 62fdf1f143b41e24485cea50d1cbac27 -> 
  custom:video-decoder-webm-vp8: 9c59270c3fd7afecdb556c50c9e8de78 -> 
  custom:audio-decoder-ogg-vorbis: bf7c407c2cedff20999df2af8eb42d56 -> 
========================================================================
Received Import Request.
  Time since last request: 3538.271551 seconds.
  path: Assets/mdlUrgot.prefab
  artifactKey: Guid(17ad9541a9480d04bb074374e15417d6) Importer(815301076,1909f56bfc062723c751e8b465ee728b)
Number of updated assets reloaded before import = 0
Start importing Assets/mdlUrgot.prefab using Guid(17ad9541a9480d04bb074374e15417d6) Importer(815301076,1909f56bfc062723c751e8b465ee728b)  -> (artifact id: '2154bc39eda28db8a1270c28bb89fd70') in 0.327380 seconds 
Number of asset objects unloaded after import = 610
========================================================================
Received Import Request.
  Time since last request: 1720.300249 seconds.
  path: Assets/Urgot/Urgot_all_anim.fbx
  artifactKey: Guid(2530acb72c024c14c97a7735fb8f1cf2) Importer(815301076,1909f56bfc062723c751e8b465ee728b)
Number of updated assets reloaded before import = 0
Start importing Assets/Urgot/Urgot_all_anim.fbx using Guid(2530acb72c024c14c97a7735fb8f1cf2) Importer(815301076,1909f56bfc062723c751e8b465ee728b)  -> (artifact id: 'fe5f2144725992cb3f5b919fc6bd564b') in 0.376260 seconds 
Number of asset objects unloaded after import = 383
========================================================================
Received Import Request.
  Time since last request: 428.271457 seconds.
  path: Assets/Urgot_all_anim.fbx
  artifactKey: Guid(e11e753927f347d4fa779e4fcabbcc6a) Importer(815301076,1909f56bfc062723c751e8b465ee728b)
Number of updated assets reloaded before import = 0
Start importing Assets/Urgot_all_anim.fbx using Guid(e11e753927f347d4fa779e4fcabbcc6a) Importer(815301076,1909f56bfc062723c751e8b465ee728b)  -> (artifact id: '204eed1d0692f1a765377f4a5182a744') in 0.136376 seconds 
Number of asset objects unloaded after import = 288
========================================================================
Received Import Request.
  Time since last request: 32.237958 seconds.
  path: Assets/Urgot/animHenryMenu.controller
  artifactKey: Guid(4397b394b0996d44ba60f0f7769a33d1) Importer(815301076,1909f56bfc062723c751e8b465ee728b)
Number of updated assets reloaded before import = 0
Start importing Assets/Urgot/animHenryMenu.controller using Guid(4397b394b0996d44ba60f0f7769a33d1) Importer(815301076,1909f56bfc062723c751e8b465ee728b)  -> (artifact id: '807f0dfb9517fcc9afd337125cf3f577') in 0.024033 seconds 
Number of asset objects unloaded after import = 7
========================================================================
Received Import Request.
  Time since last request: 33.586191 seconds.
  path: Assets/Urgot/UrgotAnim.controller
  artifactKey: Guid(f1a82152954bc974895f8ff9f035f84f) Importer(815301076,1909f56bfc062723c751e8b465ee728b)
Number of updated assets reloaded before import = 0
Start importing Assets/Urgot/UrgotAnim.controller using Guid(f1a82152954bc974895f8ff9f035f84f) Importer(815301076,1909f56bfc062723c751e8b465ee728b)  -> (artifact id: '9c90ec765a86bff87d832bd1a7e5b372') in 0.518486 seconds 
Number of asset objects unloaded after import = 109
========================================================================
Received Import Request.
  Time since last request: 16.611932 seconds.
  path: Assets/Urgot/urgotAnim.controller
  artifactKey: Guid(516cb2d9f42ac73478872341d9f7a9ed) Importer(815301076,1909f56bfc062723c751e8b465ee728b)
Number of updated assets reloaded before import = 0
Start importing Assets/Urgot/urgotAnim.controller using Guid(516cb2d9f42ac73478872341d9f7a9ed) Importer(815301076,1909f56bfc062723c751e8b465ee728b)  -> (artifact id: '09d7fb481f519211f1be41acf5fbfc69') in 0.012456 seconds 
Number of asset objects unloaded after import = 1
========================================================================
Received Import Request.
  Time since last request: 51.208325 seconds.
  path: Assets/HenryAssets/FBX
  artifactKey: Guid(2e02b6e0819d3f446b4737ca40648897) Importer(815301076,1909f56bfc062723c751e8b465ee728b)
Number of updated assets reloaded before import = 0
Start importing Assets/HenryAssets/FBX using Guid(2e02b6e0819d3f446b4737ca40648897) Importer(815301076,1909f56bfc062723c751e8b465ee728b)  -> (artifact id: 'be44226e32fb0d040d7156a4807347c7') in 0.014399 seconds 
Number of asset objects unloaded after import = 0
========================================================================
Received Import Request.
  Time since last request: 0.091264 seconds.
  path: Assets/HenryAssets/FBX/SwordSwingMesh.fbx
  artifactKey: Guid(35dabc294656c8b46a5af38bf4865a6c) Importer(815301076,1909f56bfc062723c751e8b465ee728b)
Number of updated assets reloaded before import = 0
Start importing Assets/HenryAssets/FBX/SwordSwingMesh.fbx using Guid(35dabc294656c8b46a5af38bf4865a6c) Importer(815301076,1909f56bfc062723c751e8b465ee728b)  -> (artifact id: '1b51916e3bc64eb5b52be9d1f246f25c') in 0.052572 seconds 
Number of asset objects unloaded after import = 8
========================================================================
Received Import Request.
  Time since last request: 5847.229654 seconds.
  path: Assets/Materials/HitboxPreview.mat
  artifactKey: Guid(ac804059bd55d8a499887855410c87f5) Importer(815301076,1909f56bfc062723c751e8b465ee728b)
Number of updated assets reloaded before import = 0
Start importing Assets/Materials/HitboxPreview.mat using Guid(ac804059bd55d8a499887855410c87f5) Importer(815301076,1909f56bfc062723c751e8b465ee728b)  -> (artifact id: '0621f765968f4117ea051b1668381d33') in 0.412270 seconds 
Number of asset objects unloaded after import = 1
========================================================================
Received Import Request.
  Time since last request: 0.000038 seconds.
  path: Assets/HenryAssets/HenryBundle/VFX/Materials/matSmoke.mat
  artifactKey: Guid(cf4db6d1eb2b3f84ca9b7a812ca8699f) Importer(815301076,1909f56bfc062723c751e8b465ee728b)
Number of updated assets reloaded before import = 0
Start importing Assets/HenryAssets/HenryBundle/VFX/Materials/matSmoke.mat using Guid(cf4db6d1eb2b3f84ca9b7a812ca8699f) Importer(815301076,1909f56bfc062723c751e8b465ee728b)  -> (artifact id: '7e7ec959d596a4192792655214adddaa') in 0.078164 seconds 
Number of asset objects unloaded after import = 3
========================================================================
Received Import Request.
  Time since last request: 0.000063 seconds.
  path: Assets/HenryAssets/HenryBundle/VFX/Materials/matSwingShadow.mat
  artifactKey: Guid(39aae769a6f218741a41634f0d9f88cf) Importer(815301076,1909f56bfc062723c751e8b465ee728b)
Number of updated assets reloaded before import = 0
Start importing Assets/HenryAssets/HenryBundle/VFX/Materials/matSwingShadow.mat using Guid(39aae769a6f218741a41634f0d9f88cf) Importer(815301076,1909f56bfc062723c751e8b465ee728b)  -> (artifact id: '93c94e22540166c1e0f47e2f71745b8c') in 0.110812 seconds 
Number of asset objects unloaded after import = 2
========================================================================
Received Import Request.
  Time since last request: 0.000074 seconds.
  path: Assets/HenryAssets/HenryBundle/Materials/matHenryJedi.mat
  artifactKey: Guid(72783f87aa12d2447973bf2c8e0b21ff) Importer(815301076,1909f56bfc062723c751e8b465ee728b)
Number of updated assets reloaded before import = 0
Start importing Assets/HenryAssets/HenryBundle/Materials/matHenryJedi.mat using Guid(72783f87aa12d2447973bf2c8e0b21ff) Importer(815301076,1909f56bfc062723c751e8b465ee728b)  -> (artifact id: '5a37840cdede39d8b065ed09c81e583d') in 0.096608 seconds 
Number of asset objects unloaded after import = 3
========================================================================
Received Import Request.
  Time since last request: 0.000039 seconds.
  path: Assets/HenryAssets/HenryBundle/Materials/matRebellion.mat
  artifactKey: Guid(a8c3aac191d1f984aa858379fd1245e2) Importer(815301076,1909f56bfc062723c751e8b465ee728b)
Number of updated assets reloaded before import = 0
Start importing Assets/HenryAssets/HenryBundle/Materials/matRebellion.mat using Guid(a8c3aac191d1f984aa858379fd1245e2) Importer(815301076,1909f56bfc062723c751e8b465ee728b)  -> (artifact id: '20d77a76ff1f26e418d55fb11d81e7dc') in 0.055997 seconds 
Number of asset objects unloaded after import = 3
========================================================================
Received Import Request.
  Time since last request: 0.000156 seconds.
  path: Assets/HenryAssets/HenryBundle/VFX/Materials/matHitSparkPunch.mat
  artifactKey: Guid(238aadaa766572140b41669d81b80de8) Importer(815301076,1909f56bfc062723c751e8b465ee728b)
Number of updated assets reloaded before import = 0
Start importing Assets/HenryAssets/HenryBundle/VFX/Materials/matHitSparkPunch.mat using Guid(238aadaa766572140b41669d81b80de8) Importer(815301076,1909f56bfc062723c751e8b465ee728b)  -> (artifact id: '7ead9c4d1e78266db6f3b32d81970264') in 0.039843 seconds 
Number of asset objects unloaded after import = 2
========================================================================
Received Import Request.
  Time since last request: 0.000023 seconds.
  path: Assets/HenryAssets/HenryBundle/Materials/matHenryNeo.mat
  artifactKey: Guid(6f41898822dbc0344bbd716e3d946ff0) Importer(815301076,1909f56bfc062723c751e8b465ee728b)
Number of updated assets reloaded before import = 0
Start importing Assets/HenryAssets/HenryBundle/Materials/matHenryNeo.mat using Guid(6f41898822dbc0344bbd716e3d946ff0) Importer(815301076,1909f56bfc062723c751e8b465ee728b)  -> (artifact id: '1ad3841b9bb38123eb477e310a24c71f') in 0.056011 seconds 
Number of asset objects unloaded after import = 2
========================================================================
Received Import Request.
  Time since last request: 0.000030 seconds.
  path: Assets/HenryAssets/HenryBundle/VFX/Materials/matSlash.mat
  artifactKey: Guid(ee86286c291b93f4e804ef6bb02517bd) Importer(815301076,1909f56bfc062723c751e8b465ee728b)
Number of updated assets reloaded before import = 0
Start importing Assets/HenryAssets/HenryBundle/VFX/Materials/matSlash.mat using Guid(ee86286c291b93f4e804ef6bb02517bd) Importer(815301076,1909f56bfc062723c751e8b465ee728b)  -> (artifact id: 'fc4956b245e1d48240b3e6241ed62379') in 0.050661 seconds 
Number of asset objects unloaded after import = 3
========================================================================
Received Import Request.
  Time since last request: 0.000022 seconds.
  path: Assets/HenryAssets/HenryBundle/Materials/matBoxingGlove.mat
  artifactKey: Guid(cffab3260787c5e4bb39dc1332c65fb1) Importer(815301076,1909f56bfc062723c751e8b465ee728b)
Number of updated assets reloaded before import = 0
Start importing Assets/HenryAssets/HenryBundle/Materials/matBoxingGlove.mat using Guid(cffab3260787c5e4bb39dc1332c65fb1) Importer(815301076,1909f56bfc062723c751e8b465ee728b)  -> (artifact id: '47902c01cd4e8f8c9f4e55e869074beb') in 0.099249 seconds 
Number of asset objects unloaded after import = 2
========================================================================
Received Import Request.
  Time since last request: 0.000077 seconds.
  path: Assets/HenryAssets/HenryBundle/Materials/matBazookaRocket.mat
  artifactKey: Guid(26620e704be8dae4189afccebed5226e) Importer(815301076,1909f56bfc062723c751e8b465ee728b)
Number of updated assets reloaded before import = 0
Start importing Assets/HenryAssets/HenryBundle/Materials/matBazookaRocket.mat using Guid(26620e704be8dae4189afccebed5226e) Importer(815301076,1909f56bfc062723c751e8b465ee728b)  -> (artifact id: '624e517a674677f3e6d86eb4f011bf69') in 0.040348 seconds 
Number of asset objects unloaded after import = 2
========================================================================
Received Import Request.
  Time since last request: 0.000447 seconds.
  path: Assets/Materials/matFloor.mat
  artifactKey: Guid(cb11d1e28b8d8b84db7efffcdf426053) Importer(815301076,1909f56bfc062723c751e8b465ee728b)
Number of updated assets reloaded before import = 0
Start importing Assets/Materials/matFloor.mat using Guid(cb11d1e28b8d8b84db7efffcdf426053) Importer(815301076,1909f56bfc062723c751e8b465ee728b)  -> (artifact id: 'e4814e7676fbe11926cc1f50f2456aa7') in 0.035248 seconds 
Number of asset objects unloaded after import = 1
========================================================================
Received Import Request.
  Time since last request: 0.000025 seconds.
  path: Assets/HenryAssets/HenryBundle/VFX/Materials/matPunchEffect.mat
  artifactKey: Guid(12703f0a7036e4040a43b72914e52034) Importer(815301076,1909f56bfc062723c751e8b465ee728b)
Number of updated assets reloaded before import = 0
Start importing Assets/HenryAssets/HenryBundle/VFX/Materials/matPunchEffect.mat using Guid(12703f0a7036e4040a43b72914e52034) Importer(815301076,1909f56bfc062723c751e8b465ee728b)  -> (artifact id: 'ca8386a831d3467aded0f703dc3cdd4d') in 0.049230 seconds 
Number of asset objects unloaded after import = 1
========================================================================
Received Import Request.
  Time since last request: 0.000029 seconds.
  path: Assets/HenryAssets/HenryBundle/VFX/Materials/matSwingEffect.mat
  artifactKey: Guid(8c73cafaccb320c489521629659da1b8) Importer(815301076,1909f56bfc062723c751e8b465ee728b)
Number of updated assets reloaded before import = 0
Start importing Assets/HenryAssets/HenryBundle/VFX/Materials/matSwingEffect.mat using Guid(8c73cafaccb320c489521629659da1b8) Importer(815301076,1909f56bfc062723c751e8b465ee728b)  -> (artifact id: '459dfdc4492df8de19c91d3b757c6f6e') in 0.040051 seconds 
Number of asset objects unloaded after import = 2
========================================================================
Received Import Request.
  Time since last request: 0.000027 seconds.
  path: Assets/HenryAssets/HenryBundle/VFX/Materials/matTrail.mat
  artifactKey: Guid(69215377556dbdb4b9920565702e280a) Importer(815301076,1909f56bfc062723c751e8b465ee728b)
Number of updated assets reloaded before import = 0
Start importing Assets/HenryAssets/HenryBundle/VFX/Materials/matTrail.mat using Guid(69215377556dbdb4b9920565702e280a) Importer(815301076,1909f56bfc062723c751e8b465ee728b)  -> (artifact id: '5124877862e56535ee7b6a2de729e4c0') in 0.048152 seconds 
Number of asset objects unloaded after import = 2
========================================================================
Received Import Request.
  Time since last request: 594.125563 seconds.
  path: Assets/Urgot/urgotDisplay.prefab
  artifactKey: Guid(3144ac6fe22b0a0469166e863fa46322) Importer(815301076,1909f56bfc062723c751e8b465ee728b)
Number of updated assets reloaded before import = 0
Start importing Assets/Urgot/urgotDisplay.prefab using Guid(3144ac6fe22b0a0469166e863fa46322) Importer(815301076,1909f56bfc062723c751e8b465ee728b)  -> (artifact id: 'e946dcff50e939f207b58e1a4bf0f4cd') in 0.081159 seconds 
Number of asset objects unloaded after import = 368
========================================================================
Received Prepare
Refreshing native plugins compatible for Editor in 1.53 ms, found 0 plugins.
Preloading 0 native plugins for Editor in 0.00 ms.
Unloading 2 Unused Serialized files (Serialized files now loaded: 0)
Unloading 2 unused Assets / (4.4 KB). Loaded Objects now: 1226.
Memory consumption went from 50.3 MB to 50.3 MB.
Total: 25.528600 ms (FindLiveObjects: 0.311000 ms CreateObjectMapping: 0.039100 ms MarkObjects: 25.146400 ms  DeleteObjects: 0.028700 ms)

AssetImportParameters requested are different than current active one (requested -> active):
  custom:video-decoder-ogg-theora: a1e56fd34408186e4bbccfd4996cb3dc -> 
  custom:container-muxer-webm: aa71ff27fc2769a1b78a27578f13a17b -> 
  custom:container-demuxer-webm: 4f35f7cbe854078d1ac9338744f61a02 -> 
  custom:video-encoder-webm-vp8: eb34c28f22e8b96e1ab97ce403110664 -> 
  custom:video-codec-MediaFoundation-h265: 746d11721c4dcdbdad8f713fa42b33f4 -> 
  custom:CustomObjectIndexerAttribute: bc11b3a6c3213fcdd17b65e7da85e133 -> 
  custom:audio-encoder-webm-vorbis: bf7c407c2cedff20999df2af8eb42d56 -> 
  custom:framework-win-MediaFoundation: 216162199b28c13a410421893ffa2e32 -> 
  custom:SearchIndexIgnoredProperties: e643bd26f0fe6173181afceb89e7c659 -> 
  custom:container-demuxer-ogg: 62fdf1f143b41e24485cea50d1cbac27 -> 
  custom:video-decoder-webm-vp8: 9c59270c3fd7afecdb556c50c9e8de78 -> 
  custom:audio-decoder-ogg-vorbis: bf7c407c2cedff20999df2af8eb42d56 -> 
========================================================================
Received Prepare
Refreshing native plugins compatible for Editor in 1.35 ms, found 0 plugins.
Preloading 0 native plugins for Editor in 0.00 ms.
Unloading 2 Unused Serialized files (Serialized files now loaded: 0)
Unloading 2 unused Assets / (4.4 KB). Loaded Objects now: 1226.
Memory consumption went from 50.3 MB to 50.3 MB.
Total: 5.633000 ms (FindLiveObjects: 0.173300 ms CreateObjectMapping: 0.041700 ms MarkObjects: 5.383900 ms  DeleteObjects: 0.032300 ms)

AssetImportParameters requested are different than current active one (requested -> active):
  custom:video-decoder-ogg-theora: a1e56fd34408186e4bbccfd4996cb3dc -> 
  custom:container-muxer-webm: aa71ff27fc2769a1b78a27578f13a17b -> 
  custom:container-demuxer-webm: 4f35f7cbe854078d1ac9338744f61a02 -> 
  custom:video-encoder-webm-vp8: eb34c28f22e8b96e1ab97ce403110664 -> 
  custom:video-codec-MediaFoundation-h265: 746d11721c4dcdbdad8f713fa42b33f4 -> 
  custom:CustomObjectIndexerAttribute: bc11b3a6c3213fcdd17b65e7da85e133 -> 
  custom:audio-encoder-webm-vorbis: bf7c407c2cedff20999df2af8eb42d56 -> 
  custom:framework-win-MediaFoundation: 216162199b28c13a410421893ffa2e32 -> 
  custom:SearchIndexIgnoredProperties: e643bd26f0fe6173181afceb89e7c659 -> 
  custom:container-demuxer-ogg: 62fdf1f143b41e24485cea50d1cbac27 -> 
  custom:video-decoder-webm-vp8: 9c59270c3fd7afecdb556c50c9e8de78 -> 
  custom:audio-decoder-ogg-vorbis: bf7c407c2cedff20999df2af8eb42d56 -> 
========================================================================
Received Prepare
Refreshing native plugins compatible for Editor in 0.90 ms, found 0 plugins.
Preloading 0 native plugins for Editor in 0.00 ms.
Unloading 2 Unused Serialized files (Serialized files now loaded: 0)
Unloading 2 unused Assets / (4.4 KB). Loaded Objects now: 1226.
Memory consumption went from 50.4 MB to 50.4 MB.
Total: 3.537100 ms (FindLiveObjects: 0.171900 ms CreateObjectMapping: 0.025400 ms MarkObjects: 3.319100 ms  DeleteObjects: 0.019100 ms)

AssetImportParameters requested are different than current active one (requested -> active):
  custom:video-decoder-ogg-theora: a1e56fd34408186e4bbccfd4996cb3dc -> 
  custom:container-muxer-webm: aa71ff27fc2769a1b78a27578f13a17b -> 
  custom:container-demuxer-webm: 4f35f7cbe854078d1ac9338744f61a02 -> 
  custom:video-encoder-webm-vp8: eb34c28f22e8b96e1ab97ce403110664 -> 
  custom:video-codec-MediaFoundation-h265: 746d11721c4dcdbdad8f713fa42b33f4 -> 
  custom:CustomObjectIndexerAttribute: bc11b3a6c3213fcdd17b65e7da85e133 -> 
  custom:audio-encoder-webm-vorbis: bf7c407c2cedff20999df2af8eb42d56 -> 
  custom:framework-win-MediaFoundation: 216162199b28c13a410421893ffa2e32 -> 
  custom:SearchIndexIgnoredProperties: e643bd26f0fe6173181afceb89e7c659 -> 
  custom:container-demuxer-ogg: 62fdf1f143b41e24485cea50d1cbac27 -> 
  custom:video-decoder-webm-vp8: 9c59270c3fd7afecdb556c50c9e8de78 -> 
  custom:audio-decoder-ogg-vorbis: bf7c407c2cedff20999df2af8eb42d56 -> 
========================================================================
Received Prepare
Refreshing native plugins compatible for Editor in 1.27 ms, found 0 plugins.
Preloading 0 native plugins for Editor in 0.00 ms.
Unloading 2 Unused Serialized files (Serialized files now loaded: 0)
Unloading 2 unused Assets / (4.4 KB). Loaded Objects now: 1226.
Memory consumption went from 50.4 MB to 50.4 MB.
Total: 4.742500 ms (FindLiveObjects: 0.217600 ms CreateObjectMapping: 0.031500 ms MarkObjects: 4.466200 ms  DeleteObjects: 0.023800 ms)

AssetImportParameters requested are different than current active one (requested -> active):
  custom:video-decoder-ogg-theora: a1e56fd34408186e4bbccfd4996cb3dc -> 
  custom:container-muxer-webm: aa71ff27fc2769a1b78a27578f13a17b -> 
  custom:container-demuxer-webm: 4f35f7cbe854078d1ac9338744f61a02 -> 
  custom:video-encoder-webm-vp8: eb34c28f22e8b96e1ab97ce403110664 -> 
  custom:video-codec-MediaFoundation-h265: 746d11721c4dcdbdad8f713fa42b33f4 -> 
  custom:CustomObjectIndexerAttribute: bc11b3a6c3213fcdd17b65e7da85e133 -> 
  custom:audio-encoder-webm-vorbis: bf7c407c2cedff20999df2af8eb42d56 -> 
  custom:framework-win-MediaFoundation: 216162199b28c13a410421893ffa2e32 -> 
  custom:SearchIndexIgnoredProperties: e643bd26f0fe6173181afceb89e7c659 -> 
  custom:container-demuxer-ogg: 62fdf1f143b41e24485cea50d1cbac27 -> 
  custom:video-decoder-webm-vp8: 9c59270c3fd7afecdb556c50c9e8de78 -> 
  custom:audio-decoder-ogg-vorbis: bf7c407c2cedff20999df2af8eb42d56 -> 
========================================================================
Received Prepare
Refreshing native plugins compatible for Editor in 1.04 ms, found 0 plugins.
Preloading 0 native plugins for Editor in 0.00 ms.
Unloading 2 Unused Serialized files (Serialized files now loaded: 0)
Unloading 2 unused Assets / (4.4 KB). Loaded Objects now: 1226.
Memory consumption went from 50.4 MB to 50.4 MB.
Total: 9.361100 ms (FindLiveObjects: 0.149600 ms CreateObjectMapping: 0.028700 ms MarkObjects: 9.089500 ms  DeleteObjects: 0.090100 ms)

AssetImportParameters requested are different than current active one (requested -> active):
  custom:video-decoder-ogg-theora: a1e56fd34408186e4bbccfd4996cb3dc -> 
  custom:container-muxer-webm: aa71ff27fc2769a1b78a27578f13a17b -> 
  custom:container-demuxer-webm: 4f35f7cbe854078d1ac9338744f61a02 -> 
  custom:video-encoder-webm-vp8: eb34c28f22e8b96e1ab97ce403110664 -> 
  custom:video-codec-MediaFoundation-h265: 746d11721c4dcdbdad8f713fa42b33f4 -> 
  custom:CustomObjectIndexerAttribute: bc11b3a6c3213fcdd17b65e7da85e133 -> 
  custom:audio-encoder-webm-vorbis: bf7c407c2cedff20999df2af8eb42d56 -> 
  custom:framework-win-MediaFoundation: 216162199b28c13a410421893ffa2e32 -> 
  custom:SearchIndexIgnoredProperties: e643bd26f0fe6173181afceb89e7c659 -> 
  custom:container-demuxer-ogg: 62fdf1f143b41e24485cea50d1cbac27 -> 
  custom:video-decoder-webm-vp8: 9c59270c3fd7afecdb556c50c9e8de78 -> 
  custom:audio-decoder-ogg-vorbis: bf7c407c2cedff20999df2af8eb42d56 -> 
========================================================================
Received Prepare
Refreshing native plugins compatible for Editor in 1.47 ms, found 0 plugins.
Preloading 0 native plugins for Editor in 0.00 ms.
Unloading 2 Unused Serialized files (Serialized files now loaded: 0)
Unloading 2 unused Assets / (4.4 KB). Loaded Objects now: 1226.
Memory consumption went from 50.4 MB to 50.4 MB.
Total: 4.682000 ms (FindLiveObjects: 0.256100 ms CreateObjectMapping: 0.032800 ms MarkObjects: 4.368800 ms  DeleteObjects: 0.022600 ms)

AssetImportParameters requested are different than current active one (requested -> active):
  custom:video-decoder-ogg-theora: a1e56fd34408186e4bbccfd4996cb3dc -> 
  custom:container-muxer-webm: aa71ff27fc2769a1b78a27578f13a17b -> 
  custom:container-demuxer-webm: 4f35f7cbe854078d1ac9338744f61a02 -> 
  custom:video-encoder-webm-vp8: eb34c28f22e8b96e1ab97ce403110664 -> 
  custom:video-codec-MediaFoundation-h265: 746d11721c4dcdbdad8f713fa42b33f4 -> 
  custom:CustomObjectIndexerAttribute: bc11b3a6c3213fcdd17b65e7da85e133 -> 
  custom:audio-encoder-webm-vorbis: bf7c407c2cedff20999df2af8eb42d56 -> 
  custom:framework-win-MediaFoundation: 216162199b28c13a410421893ffa2e32 -> 
  custom:SearchIndexIgnoredProperties: e643bd26f0fe6173181afceb89e7c659 -> 
  custom:container-demuxer-ogg: 62fdf1f143b41e24485cea50d1cbac27 -> 
  custom:video-decoder-webm-vp8: 9c59270c3fd7afecdb556c50c9e8de78 -> 
  custom:audio-decoder-ogg-vorbis: bf7c407c2cedff20999df2af8eb42d56 -> 
========================================================================
Received Import Request.
  Time since last request: 773.334037 seconds.
  path: Assets/Urgot/urgotDisplay.prefab
  artifactKey: Guid(4a5348ac04bf4c343af416b53480336b) Importer(815301076,1909f56bfc062723c751e8b465ee728b)
Number of updated assets reloaded before import = 0
Start importing Assets/Urgot/urgotDisplay.prefab using Guid(4a5348ac04bf4c343af416b53480336b) Importer(815301076,1909f56bfc062723c751e8b465ee728b)  -> (artifact id: '78a82d3f6134207fca2fe46e17a23066') in 0.098804 seconds 
Number of asset objects unloaded after import = 570
========================================================================
Received Import Request.
  Time since last request: 3154.155791 seconds.
  path: Assets/Urgot/urgotDisplay.prefab
  artifactKey: Guid(4a5348ac04bf4c343af416b53480336b) Importer(815301076,1909f56bfc062723c751e8b465ee728b)
Number of updated assets reloaded before import = 0
Start importing Assets/Urgot/urgotDisplay.prefab using Guid(4a5348ac04bf4c343af416b53480336b) Importer(815301076,1909f56bfc062723c751e8b465ee728b)  -> (artifact id: '68a068a356aa6a70c06e8e052f1507c4') in 0.147484 seconds 
Number of asset objects unloaded after import = 570
========================================================================
Received Import Request.
  Time since last request: 16.423496 seconds.
  path: Assets/Urgot/urgotDisplay.prefab
  artifactKey: Guid(4a5348ac04bf4c343af416b53480336b) Importer(815301076,1909f56bfc062723c751e8b465ee728b)
Number of updated assets reloaded before import = 0
Start importing Assets/Urgot/urgotDisplay.prefab using Guid(4a5348ac04bf4c343af416b53480336b) Importer(815301076,1909f56bfc062723c751e8b465ee728b)  -> (artifact id: 'fb51e1bdd1eb30cd5eabedad25662e3b') in 0.080827 seconds 
Number of asset objects unloaded after import = 571
