Using pre-set license
Built from '2021.3/staging' branch; Version is '2021.3.33f1 (ee5a2aa03ab2) revision 15620650'; Using compiler version '192829333'; Build Type 'Release'
OS: 'Windows 11  (10.0.26100) 64bit Core' Language: 'de' Physical Memory: 16307 MB
BatchMode: 1, IsHumanControllingUs: 0, StartBugReporterOnCrash: 0, Is64bit: 1, IsPro: 1

COMMAND LINE ARGUMENTS:
C:\Program Files\Unity\Hub\Editor\2021.3.33f1\Editor\Unity.exe
-adb2
-batchMode
-noUpm
-name
AssetImportWorker2
-projectPath
C:/RoR2 Modding/HenryTutorial-master/HenryUnityProject
-logFile
Logs/AssetImportWorker2.log
-srvPort
49801
Successfully changed project path to: C:/RoR2 Modding/HenryTutorial-master/HenryUnityProject
C:/RoR2 Modding/HenryTutorial-master/HenryUnityProject
[UnityMemory] Configuration Parameters - Can be set up in boot.config
    "memorysetup-bucket-allocator-granularity=16"
    "memorysetup-bucket-allocator-bucket-count=8"
    "memorysetup-bucket-allocator-block-size=33554432"
    "memorysetup-bucket-allocator-block-count=8"
    "memorysetup-main-allocator-block-size=16777216"
    "memorysetup-thread-allocator-block-size=16777216"
    "memorysetup-gfx-main-allocator-block-size=16777216"
    "memorysetup-gfx-thread-allocator-block-size=16777216"
    "memorysetup-cache-allocator-block-size=4194304"
    "memorysetup-typetree-allocator-block-size=2097152"
    "memorysetup-profiler-bucket-allocator-granularity=16"
    "memorysetup-profiler-bucket-allocator-bucket-count=8"
    "memorysetup-profiler-bucket-allocator-block-size=33554432"
    "memorysetup-profiler-bucket-allocator-block-count=8"
    "memorysetup-profiler-allocator-block-size=16777216"
    "memorysetup-profiler-editor-allocator-block-size=1048576"
    "memorysetup-temp-allocator-size-main=16777216"
    "memorysetup-job-temp-allocator-block-size=2097152"
    "memorysetup-job-temp-allocator-block-size-background=1048576"
    "memorysetup-job-temp-allocator-reduction-small-platforms=262144"
    "memorysetup-temp-allocator-size-background-worker=32768"
    "memorysetup-temp-allocator-size-job-worker=262144"
    "memorysetup-temp-allocator-size-preload-manager=33554432"
    "memorysetup-temp-allocator-size-nav-mesh-worker=65536"
    "memorysetup-temp-allocator-size-audio-worker=65536"
    "memorysetup-temp-allocator-size-cloud-worker=32768"
    "memorysetup-temp-allocator-size-gi-baking-worker=262144"
    "memorysetup-temp-allocator-size-gfx=262144"
Player connection [19036] Host "[IP] 192.168.178.29 [Port] 0 [Flags] 2 [Guid] 3719737185 [EditorId] 3719737185 [Version] 1048832 [Id] WindowsEditor(7,Pauls-PC-mehr-C) [Debug] 1 [PackageName] WindowsEditor [ProjectName] Editor" joined multi-casting on [225.0.0.222:54997]...

Player connection [19036] Host "[IP] 192.168.178.29 [Port] 0 [Flags] 2 [Guid] 3719737185 [EditorId] 3719737185 [Version] 1048832 [Id] WindowsEditor(7,Pauls-PC-mehr-C) [Debug] 1 [PackageName] WindowsEditor [ProjectName] Editor" joined alternative multi-casting on [225.0.0.222:34997]...

[Physics::Module] Initialized MultithreadedJobDispatcher with {0} workers.
Refreshing native plugins compatible for Editor in 29.57 ms, found 0 plugins.
Preloading 0 native plugins for Editor in 0.00 ms.
Initialize engine version: 2021.3.33f1 (ee5a2aa03ab2)
[Subsystems] Discovering subsystems at path C:/Program Files/Unity/Hub/Editor/2021.3.33f1/Editor/Data/Resources/UnitySubsystems
[Subsystems] Discovering subsystems at path C:/RoR2 Modding/HenryTutorial-master/HenryUnityProject/Assets
GfxDevice: creating device client; threaded=0; jobified=0
Direct3D:
    Version:  Direct3D 11.0 [level 11.1]
    Renderer: NVIDIA GeForce RTX 3070 (ID=0x2484)
    Vendor:   NVIDIA
    VRAM:     8018 MB
    Driver:   32.0.15.6094
Initialize mono
Mono path[0] = 'C:/Program Files/Unity/Hub/Editor/2021.3.33f1/Editor/Data/Managed'
Mono path[1] = 'C:/Program Files/Unity/Hub/Editor/2021.3.33f1/Editor/Data/MonoBleedingEdge/lib/mono/unityjit-win32'
Mono config path = 'C:/Program Files/Unity/Hub/Editor/2021.3.33f1/Editor/Data/MonoBleedingEdge/etc'
Using monoOptions --debugger-agent=transport=dt_socket,embedding=1,server=y,suspend=n,address=127.0.0.1:56728
Begin MonoManager ReloadAssembly
Registering precompiled unity dll's ...
Register platform support module: C:/Program Files/Unity/Hub/Editor/2021.3.33f1/Editor/Data/PlaybackEngines/WindowsStandaloneSupport/UnityEditor.WindowsStandalone.Extensions.dll
Registered in 0.007323 seconds.
Native extension for WindowsStandalone target not found
Refreshing native plugins compatible for Editor in 20.69 ms, found 0 plugins.
Preloading 0 native plugins for Editor in 0.00 ms.
Mono: successfully reloaded assembly
- Completed reload, in  0.726 seconds
Domain Reload Profiling:
	ReloadAssembly (726ms)
		BeginReloadAssembly (126ms)
			ExecutionOrderSort (0ms)
			DisableScriptedObjects (0ms)
			BackupInstance (0ms)
			ReleaseScriptingObjects (0ms)
			CreateAndSetChildDomain (1ms)
		EndReloadAssembly (481ms)
			LoadAssemblies (122ms)
			RebuildTransferFunctionScriptingTraits (0ms)
			SetupTypeCache (128ms)
			ReleaseScriptCaches (0ms)
			RebuildScriptCaches (32ms)
			SetupLoadedEditorAssemblies (272ms)
				LogAssemblyErrors (0ms)
				InitializePlatformSupportModulesInManaged (9ms)
				SetLoadedEditorAssemblies (0ms)
				RefreshPlugins (21ms)
				BeforeProcessingInitializeOnLoad (1ms)
				ProcessInitializeOnLoadAttributes (184ms)
				ProcessInitializeOnLoadMethodAttributes (57ms)
				AfterProcessingInitializeOnLoad (0ms)
				EditorAssembliesLoaded (0ms)
			ExecutionOrderSort2 (0ms)
			AwakeInstancesAfterBackupRestoration (0ms)
Platform modules already initialized, skipping
Registering precompiled user dll's ...
Registered in 0.000736 seconds.
Begin MonoManager ReloadAssembly
Native extension for WindowsStandalone target not found
Refreshing native plugins compatible for Editor in 0.30 ms, found 0 plugins.
Preloading 0 native plugins for Editor in 0.00 ms.
Mono: successfully reloaded assembly
- Completed reload, in  3.063 seconds
Domain Reload Profiling:
	ReloadAssembly (3065ms)
		BeginReloadAssembly (161ms)
			ExecutionOrderSort (0ms)
			DisableScriptedObjects (8ms)
			BackupInstance (0ms)
			ReleaseScriptingObjects (0ms)
			CreateAndSetChildDomain (25ms)
		EndReloadAssembly (2773ms)
			LoadAssemblies (2297ms)
			RebuildTransferFunctionScriptingTraits (0ms)
			SetupTypeCache (151ms)
			ReleaseScriptCaches (0ms)
			RebuildScriptCaches (43ms)
			SetupLoadedEditorAssemblies (270ms)
				LogAssemblyErrors (0ms)
				InitializePlatformSupportModulesInManaged (7ms)
				SetLoadedEditorAssemblies (1ms)
				RefreshPlugins (0ms)
				BeforeProcessingInitializeOnLoad (50ms)
				ProcessInitializeOnLoadAttributes (168ms)
				ProcessInitializeOnLoadMethodAttributes (34ms)
				AfterProcessingInitializeOnLoad (10ms)
				EditorAssembliesLoaded (0ms)
			ExecutionOrderSort2 (0ms)
			AwakeInstancesAfterBackupRestoration (8ms)
Platform modules already initialized, skipping
========================================================================
Worker process is ready to serve import requests
Launched and connected shader compiler UnityShaderCompiler.exe after 0.06 seconds
Refreshing native plugins compatible for Editor in 0.29 ms, found 0 plugins.
Preloading 0 native plugins for Editor in 0.00 ms.
Unloading 705 Unused Serialized files (Serialized files now loaded: 0)
Unloading 8 unused Assets / (46.3 KB). Loaded Objects now: 1179.
Memory consumption went from 44.1 MB to 44.0 MB.
Total: 3.189000 ms (FindLiveObjects: 0.129800 ms CreateObjectMapping: 0.021800 ms MarkObjects: 2.950300 ms  DeleteObjects: 0.085000 ms)

AssetImportParameters requested are different than current active one (requested -> active):
  custom:video-decoder-ogg-theora: a1e56fd34408186e4bbccfd4996cb3dc -> 
  custom:container-muxer-webm: aa71ff27fc2769a1b78a27578f13a17b -> 
  custom:container-demuxer-webm: 4f35f7cbe854078d1ac9338744f61a02 -> 
  custom:video-encoder-webm-vp8: eb34c28f22e8b96e1ab97ce403110664 -> 
  custom:video-codec-MediaFoundation-h265: 746d11721c4dcdbdad8f713fa42b33f4 -> 
  custom:CustomObjectIndexerAttribute: bc11b3a6c3213fcdd17b65e7da85e133 -> 
  custom:audio-encoder-webm-vorbis: bf7c407c2cedff20999df2af8eb42d56 -> 
  custom:framework-win-MediaFoundation: 216162199b28c13a410421893ffa2e32 -> 
  custom:SearchIndexIgnoredProperties: e643bd26f0fe6173181afceb89e7c659 -> 
  custom:container-demuxer-ogg: 62fdf1f143b41e24485cea50d1cbac27 -> 
  custom:video-decoder-webm-vp8: 9c59270c3fd7afecdb556c50c9e8de78 -> 
  custom:audio-decoder-ogg-vorbis: bf7c407c2cedff20999df2af8eb42d56 -> 
========================================================================
Received Import Request.
  Time since last request: 11686.587466 seconds.
  path: Assets/Urgot/Urgot_all_anim.fbx
  artifactKey: Guid(e11e753927f347d4fa779e4fcabbcc6a) Importer(815301076,1909f56bfc062723c751e8b465ee728b)
Number of updated assets reloaded before import = 0
Start importing Assets/Urgot/Urgot_all_anim.fbx using Guid(e11e753927f347d4fa779e4fcabbcc6a) Importer(815301076,1909f56bfc062723c751e8b465ee728b)  -> (artifact id: '6e70a939b765027481c7c535d73e47d0') in 0.080643 seconds 
Number of asset objects unloaded after import = 0
========================================================================
Received Import Request.
  Time since last request: 35.681961 seconds.
  path: Assets/Urgot/Urgot_all_anim.fbx
  artifactKey: Guid(e11e753927f347d4fa779e4fcabbcc6a) Importer(815301076,1909f56bfc062723c751e8b465ee728b)
Number of updated assets reloaded before import = 0
Start importing Assets/Urgot/Urgot_all_anim.fbx using Guid(e11e753927f347d4fa779e4fcabbcc6a) Importer(815301076,1909f56bfc062723c751e8b465ee728b)  -> (artifact id: '33c1806c2ee8c7e607f16244bde814bc') in 0.295219 seconds 
Number of asset objects unloaded after import = 289
========================================================================
Received Import Request.
  Time since last request: 449.258922 seconds.
  path: Assets/Urgot/mdlUrgot.prefab
  artifactKey: Guid(ce88a8c0373c7e44199a971a4dffec4c) Importer(815301076,1909f56bfc062723c751e8b465ee728b)
Number of updated assets reloaded before import = 0
Start importing Assets/Urgot/mdlUrgot.prefab using Guid(ce88a8c0373c7e44199a971a4dffec4c) Importer(815301076,1909f56bfc062723c751e8b465ee728b) The Animator Controller (urgotAnim) you have used is not valid. Animations will not play
UnityEngine.StackTraceUtility:ExtractStackTrace ()
UnityEditor.EditorUtility:Internal_InstantiateRemoveAllNonAnimationComponentsSingle (UnityEngine.Object,UnityEngine.Vector3,UnityEngine.Quaternion)
UnityEditor.EditorUtility:InstantiateRemoveAllNonAnimationComponents (UnityEngine.Object,UnityEngine.Vector3,UnityEngine.Quaternion)
UnityEditor.EditorUtility:InstantiateForAnimatorPreview (UnityEngine.Object)
UnityEditor.GameObjectInspector/PreviewData:UpdateGameObject (UnityEngine.Object)
UnityEditor.GameObjectInspector/PreviewData:.ctor (UnityEngine.Object)
UnityEditor.GameObjectInspector:GetPreviewData ()
UnityEditor.GameObjectInspector:RenderStaticPreview (string,UnityEngine.Object[],int,int)
UnityEditor.AssetPreviewUpdater:CreatePreview (UnityEngine.Object,UnityEngine.Object[],string,int,int)
UnityEditor.AssetPreviewUpdater:CreatePreviewForAsset (UnityEngine.Object,UnityEngine.Object[],string)

[C:\build\output\unity\unity\Modules\Animation\Director\AnimatorControllerPlayable.cpp line 333]

The Animator Controller (urgotAnim) you have used is not valid. Animations will not play
UnityEngine.StackTraceUtility:ExtractStackTrace ()
UnityEditor.EditorUtility:InitInstantiatedPreviewRecursive (UnityEngine.GameObject)
UnityEditor.EditorUtility:InstantiateForAnimatorPreview (UnityEngine.Object)
UnityEditor.GameObjectInspector/PreviewData:UpdateGameObject (UnityEngine.Object)
UnityEditor.GameObjectInspector/PreviewData:.ctor (UnityEngine.Object)
UnityEditor.GameObjectInspector:GetPreviewData ()
UnityEditor.GameObjectInspector:RenderStaticPreview (string,UnityEngine.Object[],int,int)
UnityEditor.AssetPreviewUpdater:CreatePreview (UnityEngine.Object,UnityEngine.Object[],string,int,int)
UnityEditor.AssetPreviewUpdater:CreatePreviewForAsset (UnityEngine.Object,UnityEngine.Object[],string)

[C:\build\output\unity\unity\Modules\Animation\Director\AnimatorControllerPlayable.cpp line 333]

 -> (artifact id: '0cf4cc8013ffd20cd2227b60312437cb') in 0.032766 seconds 
Number of asset objects unloaded after import = 206
========================================================================
Received Import Request.
  Time since last request: 12.956973 seconds.
  path: Assets/Urgot/mdlUrgot 1.prefab
  artifactKey: Guid(3144ac6fe22b0a0469166e863fa46322) Importer(815301076,1909f56bfc062723c751e8b465ee728b)
Number of updated assets reloaded before import = 0
Start importing Assets/Urgot/mdlUrgot 1.prefab using Guid(3144ac6fe22b0a0469166e863fa46322) Importer(815301076,1909f56bfc062723c751e8b465ee728b) The Animator Controller (urgotAnim) you have used is not valid. Animations will not play
UnityEngine.StackTraceUtility:ExtractStackTrace ()
UnityEditor.EditorUtility:Internal_InstantiateRemoveAllNonAnimationComponentsSingle (UnityEngine.Object,UnityEngine.Vector3,UnityEngine.Quaternion)
UnityEditor.EditorUtility:InstantiateRemoveAllNonAnimationComponents (UnityEngine.Object,UnityEngine.Vector3,UnityEngine.Quaternion)
UnityEditor.EditorUtility:InstantiateForAnimatorPreview (UnityEngine.Object)
UnityEditor.GameObjectInspector/PreviewData:UpdateGameObject (UnityEngine.Object)
UnityEditor.GameObjectInspector/PreviewData:.ctor (UnityEngine.Object)
UnityEditor.GameObjectInspector:GetPreviewData ()
UnityEditor.GameObjectInspector:RenderStaticPreview (string,UnityEngine.Object[],int,int)
UnityEditor.AssetPreviewUpdater:CreatePreview (UnityEngine.Object,UnityEngine.Object[],string,int,int)
UnityEditor.AssetPreviewUpdater:CreatePreviewForAsset (UnityEngine.Object,UnityEngine.Object[],string)

[C:\build\output\unity\unity\Modules\Animation\Director\AnimatorControllerPlayable.cpp line 333]

The Animator Controller (urgotAnim) you have used is not valid. Animations will not play
UnityEngine.StackTraceUtility:ExtractStackTrace ()
UnityEditor.EditorUtility:InitInstantiatedPreviewRecursive (UnityEngine.GameObject)
UnityEditor.EditorUtility:InstantiateForAnimatorPreview (UnityEngine.Object)
UnityEditor.GameObjectInspector/PreviewData:UpdateGameObject (UnityEngine.Object)
UnityEditor.GameObjectInspector/PreviewData:.ctor (UnityEngine.Object)
UnityEditor.GameObjectInspector:GetPreviewData ()
UnityEditor.GameObjectInspector:RenderStaticPreview (string,UnityEngine.Object[],int,int)
UnityEditor.AssetPreviewUpdater:CreatePreview (UnityEngine.Object,UnityEngine.Object[],string,int,int)
UnityEditor.AssetPreviewUpdater:CreatePreviewForAsset (UnityEngine.Object,UnityEngine.Object[],string)

[C:\build\output\unity\unity\Modules\Animation\Director\AnimatorControllerPlayable.cpp line 333]

 -> (artifact id: 'e6fbe152310eee80a2f9992bfc455b8d') in 0.032466 seconds 
Number of asset objects unloaded after import = 206
========================================================================
Received Import Request.
  Time since last request: 25.560655 seconds.
  path: Assets/Urgot/Model 1
  artifactKey: Guid(ba58f9f4bf2369a45a9f70667817d455) Importer(815301076,1909f56bfc062723c751e8b465ee728b)
Number of updated assets reloaded before import = 0
Start importing Assets/Urgot/Model 1 using Guid(ba58f9f4bf2369a45a9f70667817d455) Importer(815301076,1909f56bfc062723c751e8b465ee728b)  -> (artifact id: '8349bfb5b551bd4df04d62b81756155a') in 0.012388 seconds 
Number of asset objects unloaded after import = 0
========================================================================
Received Import Request.
  Time since last request: 17.859853 seconds.
  path: Assets/Urgot/urgotDisplay.prefab
  artifactKey: Guid(3144ac6fe22b0a0469166e863fa46322) Importer(815301076,1909f56bfc062723c751e8b465ee728b)
Number of updated assets reloaded before import = 0
Start importing Assets/Urgot/urgotDisplay.prefab using Guid(3144ac6fe22b0a0469166e863fa46322) Importer(815301076,1909f56bfc062723c751e8b465ee728b) The Animator Controller (urgotAnim) you have used is not valid. Animations will not play
UnityEngine.StackTraceUtility:ExtractStackTrace ()
UnityEditor.EditorUtility:Internal_InstantiateRemoveAllNonAnimationComponentsSingle (UnityEngine.Object,UnityEngine.Vector3,UnityEngine.Quaternion)
UnityEditor.EditorUtility:InstantiateRemoveAllNonAnimationComponents (UnityEngine.Object,UnityEngine.Vector3,UnityEngine.Quaternion)
UnityEditor.EditorUtility:InstantiateForAnimatorPreview (UnityEngine.Object)
UnityEditor.GameObjectInspector/PreviewData:UpdateGameObject (UnityEngine.Object)
UnityEditor.GameObjectInspector/PreviewData:.ctor (UnityEngine.Object)
UnityEditor.GameObjectInspector:GetPreviewData ()
UnityEditor.GameObjectInspector:RenderStaticPreview (string,UnityEngine.Object[],int,int)
UnityEditor.AssetPreviewUpdater:CreatePreview (UnityEngine.Object,UnityEngine.Object[],string,int,int)
UnityEditor.AssetPreviewUpdater:CreatePreviewForAsset (UnityEngine.Object,UnityEngine.Object[],string)

[C:\build\output\unity\unity\Modules\Animation\Director\AnimatorControllerPlayable.cpp line 333]

The Animator Controller (urgotAnim) you have used is not valid. Animations will not play
UnityEngine.StackTraceUtility:ExtractStackTrace ()
UnityEditor.EditorUtility:InitInstantiatedPreviewRecursive (UnityEngine.GameObject)
UnityEditor.EditorUtility:InstantiateForAnimatorPreview (UnityEngine.Object)
UnityEditor.GameObjectInspector/PreviewData:UpdateGameObject (UnityEngine.Object)
UnityEditor.GameObjectInspector/PreviewData:.ctor (UnityEngine.Object)
UnityEditor.GameObjectInspector:GetPreviewData ()
UnityEditor.GameObjectInspector:RenderStaticPreview (string,UnityEngine.Object[],int,int)
UnityEditor.AssetPreviewUpdater:CreatePreview (UnityEngine.Object,UnityEngine.Object[],string,int,int)
UnityEditor.AssetPreviewUpdater:CreatePreviewForAsset (UnityEngine.Object,UnityEngine.Object[],string)

[C:\build\output\unity\unity\Modules\Animation\Director\AnimatorControllerPlayable.cpp line 333]

 -> (artifact id: '91fa0e6873b403b74a1a74a3aff9a1c0') in 0.031406 seconds 
Number of asset objects unloaded after import = 206
========================================================================
Received Import Request.
  Time since last request: 17.475679 seconds.
  path: Assets/Urgot/animDisplay.controller
  artifactKey: Guid(2cfdd8cee6bcb994ba409a3073204dc9) Importer(815301076,1909f56bfc062723c751e8b465ee728b)
Number of updated assets reloaded before import = 0
Start importing Assets/Urgot/animDisplay.controller using Guid(2cfdd8cee6bcb994ba409a3073204dc9) Importer(815301076,1909f56bfc062723c751e8b465ee728b)  -> (artifact id: '16e0be0a5fcd94aeff44d81e10e51c13') in 0.015217 seconds 
Number of asset objects unloaded after import = 1
========================================================================
Received Import Request.
  Time since last request: 18.787688 seconds.
  path: Assets/Urgot/mdlUrgot.prefab
  artifactKey: Guid(ce88a8c0373c7e44199a971a4dffec4c) Importer(815301076,1909f56bfc062723c751e8b465ee728b)
Number of updated assets reloaded before import = 0
Start importing Assets/Urgot/mdlUrgot.prefab using Guid(ce88a8c0373c7e44199a971a4dffec4c) Importer(815301076,1909f56bfc062723c751e8b465ee728b)  -> (artifact id: 'b208acfed4a72c84f110975e171c5b79') in 0.066871 seconds 
Number of asset objects unloaded after import = 368
========================================================================
Received Import Request.
  Time since last request: 0.000039 seconds.
  path: Assets/Urgot/animUrgot.controller
  artifactKey: Guid(516cb2d9f42ac73478872341d9f7a9ed) Importer(815301076,1909f56bfc062723c751e8b465ee728b)
Number of updated assets reloaded before import = 0
Start importing Assets/Urgot/animUrgot.controller using Guid(516cb2d9f42ac73478872341d9f7a9ed) Importer(815301076,1909f56bfc062723c751e8b465ee728b)  -> (artifact id: '5b6860fb4b74e6698857edeb88fd04e5') in 0.057407 seconds 
Number of asset objects unloaded after import = 163
========================================================================
Received Import Request.
  Time since last request: 293.127257 seconds.
  path: Assets/Urgot/Model
  artifactKey: Guid(ba58f9f4bf2369a45a9f70667817d455) Importer(815301076,1909f56bfc062723c751e8b465ee728b)
Number of updated assets reloaded before import = 0
Start importing Assets/Urgot/Model using Guid(ba58f9f4bf2369a45a9f70667817d455) Importer(815301076,1909f56bfc062723c751e8b465ee728b)  -> (artifact id: '377898289a0977b0d6b82510172aacc9') in 0.020260 seconds 
Number of asset objects unloaded after import = 0
========================================================================
Received Import Request.
  Time since last request: 7.447054 seconds.
  path: Assets/Urgot/urgotDisplay.prefab
  artifactKey: Guid(3144ac6fe22b0a0469166e863fa46322) Importer(815301076,1909f56bfc062723c751e8b465ee728b)
Number of updated assets reloaded before import = 0
Start importing Assets/Urgot/urgotDisplay.prefab using Guid(3144ac6fe22b0a0469166e863fa46322) Importer(815301076,1909f56bfc062723c751e8b465ee728b) The Animator Controller (animDisplay) you have used is not valid. Animations will not play
UnityEngine.StackTraceUtility:ExtractStackTrace ()
UnityEditor.EditorUtility:Internal_InstantiateRemoveAllNonAnimationComponentsSingle (UnityEngine.Object,UnityEngine.Vector3,UnityEngine.Quaternion)
UnityEditor.EditorUtility:InstantiateRemoveAllNonAnimationComponents (UnityEngine.Object,UnityEngine.Vector3,UnityEngine.Quaternion)
UnityEditor.EditorUtility:InstantiateForAnimatorPreview (UnityEngine.Object)
UnityEditor.GameObjectInspector/PreviewData:UpdateGameObject (UnityEngine.Object)
UnityEditor.GameObjectInspector/PreviewData:.ctor (UnityEngine.Object)
UnityEditor.GameObjectInspector:GetPreviewData ()
UnityEditor.GameObjectInspector:RenderStaticPreview (string,UnityEngine.Object[],int,int)
UnityEditor.AssetPreviewUpdater:CreatePreview (UnityEngine.Object,UnityEngine.Object[],string,int,int)
UnityEditor.AssetPreviewUpdater:CreatePreviewForAsset (UnityEngine.Object,UnityEngine.Object[],string)

[C:\build\output\unity\unity\Modules\Animation\Director\AnimatorControllerPlayable.cpp line 333]

The Animator Controller (animDisplay) you have used is not valid. Animations will not play
UnityEngine.StackTraceUtility:ExtractStackTrace ()
UnityEditor.EditorUtility:InitInstantiatedPreviewRecursive (UnityEngine.GameObject)
UnityEditor.EditorUtility:InstantiateForAnimatorPreview (UnityEngine.Object)
UnityEditor.GameObjectInspector/PreviewData:UpdateGameObject (UnityEngine.Object)
UnityEditor.GameObjectInspector/PreviewData:.ctor (UnityEngine.Object)
UnityEditor.GameObjectInspector:GetPreviewData ()
UnityEditor.GameObjectInspector:RenderStaticPreview (string,UnityEngine.Object[],int,int)
UnityEditor.AssetPreviewUpdater:CreatePreview (UnityEngine.Object,UnityEngine.Object[],string,int,int)
UnityEditor.AssetPreviewUpdater:CreatePreviewForAsset (UnityEngine.Object,UnityEngine.Object[],string)

[C:\build\output\unity\unity\Modules\Animation\Director\AnimatorControllerPlayable.cpp line 333]

 -> (artifact id: 'ec8168eaad1ca33a1bfa58c711866eff') in 0.025698 seconds 
Number of asset objects unloaded after import = 206
========================================================================
Received Import Request.
  Time since last request: 35.680395 seconds.
  path: Assets/Urgot/mdlUrgot Variant.prefab
  artifactKey: Guid(4a5348ac04bf4c343af416b53480336b) Importer(815301076,1909f56bfc062723c751e8b465ee728b)
Number of updated assets reloaded before import = 0
Start importing Assets/Urgot/mdlUrgot Variant.prefab using Guid(4a5348ac04bf4c343af416b53480336b) Importer(815301076,1909f56bfc062723c751e8b465ee728b) The Animator Controller (animDisplay) you have used is not valid. Animations will not play
UnityEngine.StackTraceUtility:ExtractStackTrace ()
UnityEditor.EditorUtility:Internal_InstantiateRemoveAllNonAnimationComponentsSingle (UnityEngine.Object,UnityEngine.Vector3,UnityEngine.Quaternion)
UnityEditor.EditorUtility:InstantiateRemoveAllNonAnimationComponents (UnityEngine.Object,UnityEngine.Vector3,UnityEngine.Quaternion)
UnityEditor.EditorUtility:InstantiateForAnimatorPreview (UnityEngine.Object)
UnityEditor.GameObjectInspector/PreviewData:UpdateGameObject (UnityEngine.Object)
UnityEditor.GameObjectInspector/PreviewData:.ctor (UnityEngine.Object)
UnityEditor.GameObjectInspector:GetPreviewData ()
UnityEditor.GameObjectInspector:RenderStaticPreview (string,UnityEngine.Object[],int,int)
UnityEditor.AssetPreviewUpdater:CreatePreview (UnityEngine.Object,UnityEngine.Object[],string,int,int)
UnityEditor.AssetPreviewUpdater:CreatePreviewForAsset (UnityEngine.Object,UnityEngine.Object[],string)

[C:\build\output\unity\unity\Modules\Animation\Director\AnimatorControllerPlayable.cpp line 333]

The Animator Controller (animDisplay) you have used is not valid. Animations will not play
UnityEngine.StackTraceUtility:ExtractStackTrace ()
UnityEditor.EditorUtility:InitInstantiatedPreviewRecursive (UnityEngine.GameObject)
UnityEditor.EditorUtility:InstantiateForAnimatorPreview (UnityEngine.Object)
UnityEditor.GameObjectInspector/PreviewData:UpdateGameObject (UnityEngine.Object)
UnityEditor.GameObjectInspector/PreviewData:.ctor (UnityEngine.Object)
UnityEditor.GameObjectInspector:GetPreviewData ()
UnityEditor.GameObjectInspector:RenderStaticPreview (string,UnityEngine.Object[],int,int)
UnityEditor.AssetPreviewUpdater:CreatePreview (UnityEngine.Object,UnityEngine.Object[],string,int,int)
UnityEditor.AssetPreviewUpdater:CreatePreviewForAsset (UnityEngine.Object,UnityEngine.Object[],string)

[C:\build\output\unity\unity\Modules\Animation\Director\AnimatorControllerPlayable.cpp line 333]

 -> (artifact id: 'ec9090fab7447a0fe70955152329b31e') in 0.038740 seconds 
Number of asset objects unloaded after import = 408
========================================================================
Received Import Request.
  Time since last request: 11.752157 seconds.
  path: Assets/Urgot/mdlUrgot Variant.prefab
  artifactKey: Guid(4a5348ac04bf4c343af416b53480336b) Importer(815301076,1909f56bfc062723c751e8b465ee728b)
Number of updated assets reloaded before import = 0
Start importing Assets/Urgot/mdlUrgot Variant.prefab using Guid(4a5348ac04bf4c343af416b53480336b) Importer(815301076,1909f56bfc062723c751e8b465ee728b)  -> (artifact id: 'b8d08d5965cb676ed8179a8efe5fe403') in 0.006185 seconds 
Number of asset objects unloaded after import = 5
========================================================================
Received Import Request.
  Time since last request: 215.212690 seconds.
  path: Assets/Urgot/mdlUrgot.prefab
  artifactKey: Guid(ce88a8c0373c7e44199a971a4dffec4c) Importer(815301076,1909f56bfc062723c751e8b465ee728b)
Number of updated assets reloaded before import = 0
Start importing Assets/Urgot/mdlUrgot.prefab using Guid(ce88a8c0373c7e44199a971a4dffec4c) Importer(815301076,1909f56bfc062723c751e8b465ee728b)  -> (artifact id: '7f955d5ecbfaf02f8d8d4c475b9f7043') in 0.074515 seconds 
Number of asset objects unloaded after import = 368
========================================================================
Received Import Request.
  Time since last request: 9.005852 seconds.
  path: Assets/Urgot/mdlUrgot Variant.prefab
  artifactKey: Guid(4a5348ac04bf4c343af416b53480336b) Importer(815301076,1909f56bfc062723c751e8b465ee728b)
Number of updated assets reloaded before import = 0
Start importing Assets/Urgot/mdlUrgot Variant.prefab using Guid(4a5348ac04bf4c343af416b53480336b) Importer(815301076,1909f56bfc062723c751e8b465ee728b)  -> (artifact id: '59e61a698eef00257e534edfdcea1a8d') in 0.074774 seconds 
Number of asset objects unloaded after import = 570
========================================================================
Received Import Request.
  Time since last request: 10.136366 seconds.
  path: Assets/Urgot/urgotDisplay.prefab
  artifactKey: Guid(4a5348ac04bf4c343af416b53480336b) Importer(815301076,1909f56bfc062723c751e8b465ee728b)
Number of updated assets reloaded before import = 0
Start importing Assets/Urgot/urgotDisplay.prefab using Guid(4a5348ac04bf4c343af416b53480336b) Importer(815301076,1909f56bfc062723c751e8b465ee728b)  -> (artifact id: 'e68c82c1784598057a67b5340b379319') in 0.068993 seconds 
Number of asset objects unloaded after import = 570
========================================================================
Received Prepare
Refreshing native plugins compatible for Editor in 2.07 ms, found 0 plugins.
Preloading 0 native plugins for Editor in 0.00 ms.
Unloading 2 Unused Serialized files (Serialized files now loaded: 0)
Unloading 2 unused Assets / (4.4 KB). Loaded Objects now: 1192.
Memory consumption went from 50.3 MB to 50.3 MB.
Total: 8.934300 ms (FindLiveObjects: 0.214500 ms CreateObjectMapping: 0.035500 ms MarkObjects: 8.647300 ms  DeleteObjects: 0.034800 ms)

AssetImportParameters requested are different than current active one (requested -> active):
  custom:video-decoder-ogg-theora: a1e56fd34408186e4bbccfd4996cb3dc -> 
  custom:container-muxer-webm: aa71ff27fc2769a1b78a27578f13a17b -> 
  custom:container-demuxer-webm: 4f35f7cbe854078d1ac9338744f61a02 -> 
  custom:video-encoder-webm-vp8: eb34c28f22e8b96e1ab97ce403110664 -> 
  custom:video-codec-MediaFoundation-h265: 746d11721c4dcdbdad8f713fa42b33f4 -> 
  custom:CustomObjectIndexerAttribute: bc11b3a6c3213fcdd17b65e7da85e133 -> 
  custom:audio-encoder-webm-vorbis: bf7c407c2cedff20999df2af8eb42d56 -> 
  custom:framework-win-MediaFoundation: 216162199b28c13a410421893ffa2e32 -> 
  custom:SearchIndexIgnoredProperties: e643bd26f0fe6173181afceb89e7c659 -> 
  custom:container-demuxer-ogg: 62fdf1f143b41e24485cea50d1cbac27 -> 
  custom:video-decoder-webm-vp8: 9c59270c3fd7afecdb556c50c9e8de78 -> 
  custom:audio-decoder-ogg-vorbis: bf7c407c2cedff20999df2af8eb42d56 -> 
========================================================================
Received Prepare
Refreshing native plugins compatible for Editor in 1.81 ms, found 0 plugins.
Preloading 0 native plugins for Editor in 0.00 ms.
Unloading 2 Unused Serialized files (Serialized files now loaded: 0)
Unloading 2 unused Assets / (4.4 KB). Loaded Objects now: 1192.
Memory consumption went from 50.3 MB to 50.3 MB.
Total: 7.980900 ms (FindLiveObjects: 0.273600 ms CreateObjectMapping: 0.049200 ms MarkObjects: 7.614600 ms  DeleteObjects: 0.036500 ms)

AssetImportParameters requested are different than current active one (requested -> active):
  custom:video-decoder-ogg-theora: a1e56fd34408186e4bbccfd4996cb3dc -> 
  custom:container-muxer-webm: aa71ff27fc2769a1b78a27578f13a17b -> 
  custom:container-demuxer-webm: 4f35f7cbe854078d1ac9338744f61a02 -> 
  custom:video-encoder-webm-vp8: eb34c28f22e8b96e1ab97ce403110664 -> 
  custom:video-codec-MediaFoundation-h265: 746d11721c4dcdbdad8f713fa42b33f4 -> 
  custom:CustomObjectIndexerAttribute: bc11b3a6c3213fcdd17b65e7da85e133 -> 
  custom:audio-encoder-webm-vorbis: bf7c407c2cedff20999df2af8eb42d56 -> 
  custom:framework-win-MediaFoundation: 216162199b28c13a410421893ffa2e32 -> 
  custom:SearchIndexIgnoredProperties: e643bd26f0fe6173181afceb89e7c659 -> 
  custom:container-demuxer-ogg: 62fdf1f143b41e24485cea50d1cbac27 -> 
  custom:video-decoder-webm-vp8: 9c59270c3fd7afecdb556c50c9e8de78 -> 
  custom:audio-decoder-ogg-vorbis: bf7c407c2cedff20999df2af8eb42d56 -> 
========================================================================
Received Prepare
Refreshing native plugins compatible for Editor in 1.20 ms, found 0 plugins.
Preloading 0 native plugins for Editor in 0.00 ms.
Unloading 2 Unused Serialized files (Serialized files now loaded: 0)
Unloading 2 unused Assets / (4.4 KB). Loaded Objects now: 1192.
Memory consumption went from 50.3 MB to 50.3 MB.
Total: 4.788300 ms (FindLiveObjects: 0.148000 ms CreateObjectMapping: 0.029100 ms MarkObjects: 4.362800 ms  DeleteObjects: 0.246600 ms)

AssetImportParameters requested are different than current active one (requested -> active):
  custom:video-decoder-ogg-theora: a1e56fd34408186e4bbccfd4996cb3dc -> 
  custom:container-muxer-webm: aa71ff27fc2769a1b78a27578f13a17b -> 
  custom:container-demuxer-webm: 4f35f7cbe854078d1ac9338744f61a02 -> 
  custom:video-encoder-webm-vp8: eb34c28f22e8b96e1ab97ce403110664 -> 
  custom:video-codec-MediaFoundation-h265: 746d11721c4dcdbdad8f713fa42b33f4 -> 
  custom:CustomObjectIndexerAttribute: bc11b3a6c3213fcdd17b65e7da85e133 -> 
  custom:audio-encoder-webm-vorbis: bf7c407c2cedff20999df2af8eb42d56 -> 
  custom:framework-win-MediaFoundation: 216162199b28c13a410421893ffa2e32 -> 
  custom:SearchIndexIgnoredProperties: e643bd26f0fe6173181afceb89e7c659 -> 
  custom:container-demuxer-ogg: 62fdf1f143b41e24485cea50d1cbac27 -> 
  custom:video-decoder-webm-vp8: 9c59270c3fd7afecdb556c50c9e8de78 -> 
  custom:audio-decoder-ogg-vorbis: bf7c407c2cedff20999df2af8eb42d56 -> 
========================================================================
Received Prepare
Refreshing native plugins compatible for Editor in 1.46 ms, found 0 plugins.
Preloading 0 native plugins for Editor in 0.00 ms.
Unloading 2 Unused Serialized files (Serialized files now loaded: 0)
Unloading 2 unused Assets / (4.4 KB). Loaded Objects now: 1192.
Memory consumption went from 50.3 MB to 50.3 MB.
Total: 7.277500 ms (FindLiveObjects: 0.455800 ms CreateObjectMapping: 0.058100 ms MarkObjects: 6.733800 ms  DeleteObjects: 0.028200 ms)

AssetImportParameters requested are different than current active one (requested -> active):
  custom:video-decoder-ogg-theora: a1e56fd34408186e4bbccfd4996cb3dc -> 
  custom:container-muxer-webm: aa71ff27fc2769a1b78a27578f13a17b -> 
  custom:container-demuxer-webm: 4f35f7cbe854078d1ac9338744f61a02 -> 
  custom:video-encoder-webm-vp8: eb34c28f22e8b96e1ab97ce403110664 -> 
  custom:video-codec-MediaFoundation-h265: 746d11721c4dcdbdad8f713fa42b33f4 -> 
  custom:CustomObjectIndexerAttribute: bc11b3a6c3213fcdd17b65e7da85e133 -> 
  custom:audio-encoder-webm-vorbis: bf7c407c2cedff20999df2af8eb42d56 -> 
  custom:framework-win-MediaFoundation: 216162199b28c13a410421893ffa2e32 -> 
  custom:SearchIndexIgnoredProperties: e643bd26f0fe6173181afceb89e7c659 -> 
  custom:container-demuxer-ogg: 62fdf1f143b41e24485cea50d1cbac27 -> 
  custom:video-decoder-webm-vp8: 9c59270c3fd7afecdb556c50c9e8de78 -> 
  custom:audio-decoder-ogg-vorbis: bf7c407c2cedff20999df2af8eb42d56 -> 
========================================================================
Received Prepare
Refreshing native plugins compatible for Editor in 1.04 ms, found 0 plugins.
Preloading 0 native plugins for Editor in 0.00 ms.
Unloading 2 Unused Serialized files (Serialized files now loaded: 0)
Unloading 2 unused Assets / (4.4 KB). Loaded Objects now: 1192.
Memory consumption went from 50.4 MB to 50.3 MB.
Total: 6.487300 ms (FindLiveObjects: 0.182600 ms CreateObjectMapping: 0.450900 ms MarkObjects: 5.813200 ms  DeleteObjects: 0.038800 ms)

AssetImportParameters requested are different than current active one (requested -> active):
  custom:video-decoder-ogg-theora: a1e56fd34408186e4bbccfd4996cb3dc -> 
  custom:container-muxer-webm: aa71ff27fc2769a1b78a27578f13a17b -> 
  custom:container-demuxer-webm: 4f35f7cbe854078d1ac9338744f61a02 -> 
  custom:video-encoder-webm-vp8: eb34c28f22e8b96e1ab97ce403110664 -> 
  custom:video-codec-MediaFoundation-h265: 746d11721c4dcdbdad8f713fa42b33f4 -> 
  custom:CustomObjectIndexerAttribute: bc11b3a6c3213fcdd17b65e7da85e133 -> 
  custom:audio-encoder-webm-vorbis: bf7c407c2cedff20999df2af8eb42d56 -> 
  custom:framework-win-MediaFoundation: 216162199b28c13a410421893ffa2e32 -> 
  custom:SearchIndexIgnoredProperties: e643bd26f0fe6173181afceb89e7c659 -> 
  custom:container-demuxer-ogg: 62fdf1f143b41e24485cea50d1cbac27 -> 
  custom:video-decoder-webm-vp8: 9c59270c3fd7afecdb556c50c9e8de78 -> 
  custom:audio-decoder-ogg-vorbis: bf7c407c2cedff20999df2af8eb42d56 -> 
========================================================================
Received Prepare
Refreshing native plugins compatible for Editor in 1.63 ms, found 0 plugins.
Preloading 0 native plugins for Editor in 0.00 ms.
Unloading 2 Unused Serialized files (Serialized files now loaded: 0)
Unloading 2 unused Assets / (4.4 KB). Loaded Objects now: 1192.
Memory consumption went from 50.4 MB to 50.4 MB.
Total: 6.170400 ms (FindLiveObjects: 0.260400 ms CreateObjectMapping: 0.048300 ms MarkObjects: 5.818600 ms  DeleteObjects: 0.037400 ms)

AssetImportParameters requested are different than current active one (requested -> active):
  custom:video-decoder-ogg-theora: a1e56fd34408186e4bbccfd4996cb3dc -> 
  custom:container-muxer-webm: aa71ff27fc2769a1b78a27578f13a17b -> 
  custom:container-demuxer-webm: 4f35f7cbe854078d1ac9338744f61a02 -> 
  custom:video-encoder-webm-vp8: eb34c28f22e8b96e1ab97ce403110664 -> 
  custom:video-codec-MediaFoundation-h265: 746d11721c4dcdbdad8f713fa42b33f4 -> 
  custom:CustomObjectIndexerAttribute: bc11b3a6c3213fcdd17b65e7da85e133 -> 
  custom:audio-encoder-webm-vorbis: bf7c407c2cedff20999df2af8eb42d56 -> 
  custom:framework-win-MediaFoundation: 216162199b28c13a410421893ffa2e32 -> 
  custom:SearchIndexIgnoredProperties: e643bd26f0fe6173181afceb89e7c659 -> 
  custom:container-demuxer-ogg: 62fdf1f143b41e24485cea50d1cbac27 -> 
  custom:video-decoder-webm-vp8: 9c59270c3fd7afecdb556c50c9e8de78 -> 
  custom:audio-decoder-ogg-vorbis: bf7c407c2cedff20999df2af8eb42d56 -> 
========================================================================
Received Import Request.
  Time since last request: 190.590123 seconds.
  path: Assets/Urgot/mdlUrgot.prefab
  artifactKey: Guid(ce88a8c0373c7e44199a971a4dffec4c) Importer(815301076,1909f56bfc062723c751e8b465ee728b)
Number of updated assets reloaded before import = 0
Start importing Assets/Urgot/mdlUrgot.prefab using Guid(ce88a8c0373c7e44199a971a4dffec4c) Importer(815301076,1909f56bfc062723c751e8b465ee728b)  -> (artifact id: 'a0a4b737abc8fe3ffa64b401a6f173b8') in 0.089828 seconds 
Number of asset objects unloaded after import = 368
========================================================================
Received Import Request.
  Time since last request: 2.271668 seconds.
  path: Assets/Urgot/animUrgot.controller
  artifactKey: Guid(516cb2d9f42ac73478872341d9f7a9ed) Importer(815301076,1909f56bfc062723c751e8b465ee728b)
Number of updated assets reloaded before import = 0
Start importing Assets/Urgot/animUrgot.controller using Guid(516cb2d9f42ac73478872341d9f7a9ed) Importer(815301076,1909f56bfc062723c751e8b465ee728b)  -> (artifact id: '83cb11570f4398a89fbe1cc18af58bc3') in 0.049321 seconds 
Number of asset objects unloaded after import = 163
========================================================================
Received Import Request.
  Time since last request: 883.492259 seconds.
  path: Assets/Teemo.fbx
  artifactKey: Guid(2ffbec0efef946d4882b2453f21ebf1d) Importer(815301076,1909f56bfc062723c751e8b465ee728b)
Number of updated assets reloaded before import = 0
Start importing Assets/Teemo.fbx using Guid(2ffbec0efef946d4882b2453f21ebf1d) Importer(815301076,1909f56bfc062723c751e8b465ee728b)  -> (artifact id: 'd7ce016a0d1f51fd76bf6c363b232db5') in 0.208272 seconds 
Number of asset objects unloaded after import = 346
========================================================================
Received Import Request.
  Time since last request: 1687.596200 seconds.
  path: Assets/Teemo.fbx
  artifactKey: Guid(2ffbec0efef946d4882b2453f21ebf1d) Importer(815301076,1909f56bfc062723c751e8b465ee728b)
Number of updated assets reloaded before import = 0
Start importing Assets/Teemo.fbx using Guid(2ffbec0efef946d4882b2453f21ebf1d) Importer(815301076,1909f56bfc062723c751e8b465ee728b)  -> (artifact id: '08dee20000295cccc45c877a4bdb2ff7') in 0.210926 seconds 
Number of asset objects unloaded after import = 445
========================================================================
Received Import Request.
  Time since last request: 87.235500 seconds.
  path: Assets/teemo_base_tx_cm.asu_teemo.tex
  artifactKey: Guid(2f99347a42c700e4189a8e81876a6188) Importer(815301076,1909f56bfc062723c751e8b465ee728b)
Number of updated assets reloaded before import = 0
Start importing Assets/teemo_base_tx_cm.asu_teemo.tex using Guid(2f99347a42c700e4189a8e81876a6188) Importer(815301076,1909f56bfc062723c751e8b465ee728b)  -> (artifact id: '47a0e955960f52cb341e95c9207c203e') in 0.018331 seconds 
Number of asset objects unloaded after import = 1
========================================================================
Received Import Request.
  Time since last request: 421.176395 seconds.
  path: Assets/Urgot/Model
  artifactKey: Guid(ba58f9f4bf2369a45a9f70667817d455) Importer(815301076,1909f56bfc062723c751e8b465ee728b)
Number of updated assets reloaded before import = 0
Start importing Assets/Urgot/Model using Guid(ba58f9f4bf2369a45a9f70667817d455) Importer(815301076,1909f56bfc062723c751e8b465ee728b)  -> (artifact id: 'd3a775222a80aec430a43824f3f320ba') in 0.003464 seconds 
Number of asset objects unloaded after import = 0
========================================================================
Received Import Request.
  Time since last request: 58.502781 seconds.
  path: Assets/Urgot/Model/Urgot_all_anim.fbx
  artifactKey: Guid(e11e753927f347d4fa779e4fcabbcc6a) Importer(815301076,1909f56bfc062723c751e8b465ee728b)
Number of updated assets reloaded before import = 0
Start importing Assets/Urgot/Model/Urgot_all_anim.fbx using Guid(e11e753927f347d4fa779e4fcabbcc6a) Importer(815301076,1909f56bfc062723c751e8b465ee728b)  -> (artifact id: 'bbc820b3a13a3a301cc960a11053ec3f') in 0.150933 seconds 
Number of asset objects unloaded after import = 291
========================================================================
Received Import Request.
  Time since last request: 13.168236 seconds.
  path: Assets/Urgot/mdlUrgot.prefab
  artifactKey: Guid(ce88a8c0373c7e44199a971a4dffec4c) Importer(815301076,1909f56bfc062723c751e8b465ee728b)
Number of updated assets reloaded before import = 0
Start importing Assets/Urgot/mdlUrgot.prefab using Guid(ce88a8c0373c7e44199a971a4dffec4c) Importer(815301076,1909f56bfc062723c751e8b465ee728b)  -> (artifact id: '20278734fcf6af695f5e6e11751f6b72') in 0.085215 seconds 
Number of asset objects unloaded after import = 368
========================================================================
Received Import Request.
  Time since last request: 7.509653 seconds.
  path: Assets/Urgot/animDisplay.controller
  artifactKey: Guid(2cfdd8cee6bcb994ba409a3073204dc9) Importer(815301076,1909f56bfc062723c751e8b465ee728b)
Number of updated assets reloaded before import = 0
Start importing Assets/Urgot/animDisplay.controller using Guid(2cfdd8cee6bcb994ba409a3073204dc9) Importer(815301076,1909f56bfc062723c751e8b465ee728b)  -> (artifact id: '95e1755cd5b6af02fd780a0e6102a740') in 0.008972 seconds 
Number of asset objects unloaded after import = 10
========================================================================
Received Import Request.
  Time since last request: 8.968979 seconds.
  path: Assets/Urgot/mdlUrgot.prefab
  artifactKey: Guid(ce88a8c0373c7e44199a971a4dffec4c) Importer(815301076,1909f56bfc062723c751e8b465ee728b)
Number of updated assets reloaded before import = 0
Start importing Assets/Urgot/mdlUrgot.prefab using Guid(ce88a8c0373c7e44199a971a4dffec4c) Importer(815301076,1909f56bfc062723c751e8b465ee728b)  -> (artifact id: '491608623c28feac101a6eb38499218a') in 0.084087 seconds 
Number of asset objects unloaded after import = 369
