Using pre-set license
Built from '2021.3/staging' branch; Version is '2021.3.33f1 (ee5a2aa03ab2) revision 15620650'; Using compiler version '192829333'; Build Type 'Release'
OS: 'Windows 11  (10.0.26100) 64bit Core' Language: 'de' Physical Memory: 16307 MB
BatchMode: 1, IsHumanControllingUs: 0, StartBugReporterOnCrash: 0, Is64bit: 1, IsPro: 1

COMMAND LINE ARGUMENTS:
C:\Program Files\Unity\Hub\Editor\2021.3.33f1\Editor\Unity.exe
-adb2
-batchMode
-noUpm
-name
AssetImportWorker1
-projectPath
C:/RoR2 Modding/HenryTutorial-master/HenryUnityProject
-logFile
Logs/AssetImportWorker1.log
-srvPort
49801
Successfully changed project path to: C:/RoR2 Modding/HenryTutorial-master/HenryUnityProject
C:/RoR2 Modding/HenryTutorial-master/HenryUnityProject
[UnityMemory] Configuration Parameters - Can be set up in boot.config
    "memorysetup-bucket-allocator-granularity=16"
    "memorysetup-bucket-allocator-bucket-count=8"
    "memorysetup-bucket-allocator-block-size=33554432"
    "memorysetup-bucket-allocator-block-count=8"
    "memorysetup-main-allocator-block-size=16777216"
    "memorysetup-thread-allocator-block-size=16777216"
    "memorysetup-gfx-main-allocator-block-size=16777216"
    "memorysetup-gfx-thread-allocator-block-size=16777216"
    "memorysetup-cache-allocator-block-size=4194304"
    "memorysetup-typetree-allocator-block-size=2097152"
    "memorysetup-profiler-bucket-allocator-granularity=16"
    "memorysetup-profiler-bucket-allocator-bucket-count=8"
    "memorysetup-profiler-bucket-allocator-block-size=33554432"
    "memorysetup-profiler-bucket-allocator-block-count=8"
    "memorysetup-profiler-allocator-block-size=16777216"
    "memorysetup-profiler-editor-allocator-block-size=1048576"
    "memorysetup-temp-allocator-size-main=16777216"
    "memorysetup-job-temp-allocator-block-size=2097152"
    "memorysetup-job-temp-allocator-block-size-background=1048576"
    "memorysetup-job-temp-allocator-reduction-small-platforms=262144"
    "memorysetup-temp-allocator-size-background-worker=32768"
    "memorysetup-temp-allocator-size-job-worker=262144"
    "memorysetup-temp-allocator-size-preload-manager=33554432"
    "memorysetup-temp-allocator-size-nav-mesh-worker=65536"
    "memorysetup-temp-allocator-size-audio-worker=65536"
    "memorysetup-temp-allocator-size-cloud-worker=32768"
    "memorysetup-temp-allocator-size-gi-baking-worker=262144"
    "memorysetup-temp-allocator-size-gfx=262144"
Player connection [9084] Host "[IP] 192.168.178.29 [Port] 0 [Flags] 2 [Guid] 2148238125 [EditorId] 2148238125 [Version] 1048832 [Id] WindowsEditor(7,Pauls-PC-mehr-C) [Debug] 1 [PackageName] WindowsEditor [ProjectName] Editor" joined multi-casting on [225.0.0.222:54997]...

Player connection [9084] Host "[IP] 192.168.178.29 [Port] 0 [Flags] 2 [Guid] 2148238125 [EditorId] 2148238125 [Version] 1048832 [Id] WindowsEditor(7,Pauls-PC-mehr-C) [Debug] 1 [PackageName] WindowsEditor [ProjectName] Editor" joined alternative multi-casting on [225.0.0.222:34997]...

[Physics::Module] Initialized MultithreadedJobDispatcher with {0} workers.
Refreshing native plugins compatible for Editor in 40.20 ms, found 0 plugins.
Preloading 0 native plugins for Editor in 0.00 ms.
Initialize engine version: 2021.3.33f1 (ee5a2aa03ab2)
[Subsystems] Discovering subsystems at path C:/Program Files/Unity/Hub/Editor/2021.3.33f1/Editor/Data/Resources/UnitySubsystems
[Subsystems] Discovering subsystems at path C:/RoR2 Modding/HenryTutorial-master/HenryUnityProject/Assets
GfxDevice: creating device client; threaded=0; jobified=0
Direct3D:
    Version:  Direct3D 11.0 [level 11.1]
    Renderer: NVIDIA GeForce RTX 3070 (ID=0x2484)
    Vendor:   NVIDIA
    VRAM:     8018 MB
    Driver:   32.0.15.6094
Initialize mono
Mono path[0] = 'C:/Program Files/Unity/Hub/Editor/2021.3.33f1/Editor/Data/Managed'
Mono path[1] = 'C:/Program Files/Unity/Hub/Editor/2021.3.33f1/Editor/Data/MonoBleedingEdge/lib/mono/unityjit-win32'
Mono config path = 'C:/Program Files/Unity/Hub/Editor/2021.3.33f1/Editor/Data/MonoBleedingEdge/etc'
Using monoOptions --debugger-agent=transport=dt_socket,embedding=1,server=y,suspend=n,address=127.0.0.1:56204
Begin MonoManager ReloadAssembly
Registering precompiled unity dll's ...
Register platform support module: C:/Program Files/Unity/Hub/Editor/2021.3.33f1/Editor/Data/PlaybackEngines/WindowsStandaloneSupport/UnityEditor.WindowsStandalone.Extensions.dll
Registered in 0.007449 seconds.
Native extension for WindowsStandalone target not found
Refreshing native plugins compatible for Editor in 20.25 ms, found 0 plugins.
Preloading 0 native plugins for Editor in 0.00 ms.
Mono: successfully reloaded assembly
- Completed reload, in  0.735 seconds
Domain Reload Profiling:
	ReloadAssembly (736ms)
		BeginReloadAssembly (121ms)
			ExecutionOrderSort (0ms)
			DisableScriptedObjects (0ms)
			BackupInstance (0ms)
			ReleaseScriptingObjects (0ms)
			CreateAndSetChildDomain (1ms)
		EndReloadAssembly (490ms)
			LoadAssemblies (117ms)
			RebuildTransferFunctionScriptingTraits (0ms)
			SetupTypeCache (130ms)
			ReleaseScriptCaches (0ms)
			RebuildScriptCaches (31ms)
			SetupLoadedEditorAssemblies (280ms)
				LogAssemblyErrors (0ms)
				InitializePlatformSupportModulesInManaged (9ms)
				SetLoadedEditorAssemblies (0ms)
				RefreshPlugins (20ms)
				BeforeProcessingInitializeOnLoad (1ms)
				ProcessInitializeOnLoadAttributes (185ms)
				ProcessInitializeOnLoadMethodAttributes (64ms)
				AfterProcessingInitializeOnLoad (0ms)
				EditorAssembliesLoaded (0ms)
			ExecutionOrderSort2 (0ms)
			AwakeInstancesAfterBackupRestoration (0ms)
Platform modules already initialized, skipping
Registering precompiled user dll's ...
Registered in 0.000928 seconds.
Begin MonoManager ReloadAssembly
Native extension for WindowsStandalone target not found
Refreshing native plugins compatible for Editor in 0.24 ms, found 0 plugins.
Preloading 0 native plugins for Editor in 0.00 ms.
Mono: successfully reloaded assembly
- Completed reload, in  2.707 seconds
Domain Reload Profiling:
	ReloadAssembly (2708ms)
		BeginReloadAssembly (185ms)
			ExecutionOrderSort (0ms)
			DisableScriptedObjects (10ms)
			BackupInstance (0ms)
			ReleaseScriptingObjects (0ms)
			CreateAndSetChildDomain (30ms)
		EndReloadAssembly (2381ms)
			LoadAssemblies (1927ms)
			RebuildTransferFunctionScriptingTraits (0ms)
			SetupTypeCache (161ms)
			ReleaseScriptCaches (0ms)
			RebuildScriptCaches (40ms)
			SetupLoadedEditorAssemblies (246ms)
				LogAssemblyErrors (0ms)
				InitializePlatformSupportModulesInManaged (6ms)
				SetLoadedEditorAssemblies (1ms)
				RefreshPlugins (0ms)
				BeforeProcessingInitializeOnLoad (48ms)
				ProcessInitializeOnLoadAttributes (145ms)
				ProcessInitializeOnLoadMethodAttributes (29ms)
				AfterProcessingInitializeOnLoad (17ms)
				EditorAssembliesLoaded (0ms)
			ExecutionOrderSort2 (0ms)
			AwakeInstancesAfterBackupRestoration (10ms)
Platform modules already initialized, skipping
========================================================================
Worker process is ready to serve import requests
Launched and connected shader compiler UnityShaderCompiler.exe after 0.06 seconds
Refreshing native plugins compatible for Editor in 0.29 ms, found 0 plugins.
Preloading 0 native plugins for Editor in 0.00 ms.
Unloading 705 Unused Serialized files (Serialized files now loaded: 0)
Unloading 8 unused Assets / (46.3 KB). Loaded Objects now: 1179.
Memory consumption went from 44.7 MB to 44.6 MB.
Total: 3.130200 ms (FindLiveObjects: 0.170600 ms CreateObjectMapping: 0.032600 ms MarkObjects: 2.853200 ms  DeleteObjects: 0.073100 ms)

AssetImportParameters requested are different than current active one (requested -> active):
  custom:video-decoder-ogg-theora: a1e56fd34408186e4bbccfd4996cb3dc -> 
  custom:container-muxer-webm: aa71ff27fc2769a1b78a27578f13a17b -> 
  custom:container-demuxer-webm: 4f35f7cbe854078d1ac9338744f61a02 -> 
  custom:video-encoder-webm-vp8: eb34c28f22e8b96e1ab97ce403110664 -> 
  custom:video-codec-MediaFoundation-h265: 746d11721c4dcdbdad8f713fa42b33f4 -> 
  custom:CustomObjectIndexerAttribute: bc11b3a6c3213fcdd17b65e7da85e133 -> 
  custom:audio-encoder-webm-vorbis: bf7c407c2cedff20999df2af8eb42d56 -> 
  custom:framework-win-MediaFoundation: 216162199b28c13a410421893ffa2e32 -> 
  custom:SearchIndexIgnoredProperties: e643bd26f0fe6173181afceb89e7c659 -> 
  custom:container-demuxer-ogg: 62fdf1f143b41e24485cea50d1cbac27 -> 
  custom:video-decoder-webm-vp8: 9c59270c3fd7afecdb556c50c9e8de78 -> 
  custom:audio-decoder-ogg-vorbis: bf7c407c2cedff20999df2af8eb42d56 -> 
========================================================================
Received Import Request.
  Time since last request: 434.599523 seconds.
  path: Assets/Urgot/animHenry.controller
  artifactKey: Guid(f1a82152954bc974895f8ff9f035f84f) Importer(815301076,1909f56bfc062723c751e8b465ee728b)
Number of updated assets reloaded before import = 0
Start importing Assets/Urgot/animHenry.controller using Guid(f1a82152954bc974895f8ff9f035f84f) Importer(815301076,1909f56bfc062723c751e8b465ee728b)  -> (artifact id: '33efd03ad29123a0ed21e905872e20c3') in 0.541470 seconds 
Number of asset objects unloaded after import = 109
========================================================================
Received Import Request.
  Time since last request: 3103.137821 seconds.
  path: Assets/Urgot_all_anim.fbx
  artifactKey: Guid(2530acb72c024c14c97a7735fb8f1cf2) Importer(815301076,1909f56bfc062723c751e8b465ee728b)
Number of updated assets reloaded before import = 0
Start importing Assets/Urgot_all_anim.fbx using Guid(2530acb72c024c14c97a7735fb8f1cf2) Importer(815301076,1909f56bfc062723c751e8b465ee728b)  -> (artifact id: '6392c3d1675b960eabc3f5de2892906c') in 0.434232 seconds 
Number of asset objects unloaded after import = 294
========================================================================
Received Import Request.
  Time since last request: 8130.597702 seconds.
  path: Assets/HenryAssets/HenryBundle/VFX/Materials/matAnimeShapes.mat
  artifactKey: Guid(aef5926018aaabd41ac67018ef027705) Importer(815301076,1909f56bfc062723c751e8b465ee728b)
Number of updated assets reloaded before import = 0
Start importing Assets/HenryAssets/HenryBundle/VFX/Materials/matAnimeShapes.mat using Guid(aef5926018aaabd41ac67018ef027705) Importer(815301076,1909f56bfc062723c751e8b465ee728b)  -> (artifact id: '8d4e7239ed92fe0c8786203ca14bd710') in 0.187408 seconds 
Number of asset objects unloaded after import = 1
========================================================================
Received Import Request.
  Time since last request: 0.000096 seconds.
  path: Assets/HenryAssets/HenryBundle/Materials/matShotgun.mat
  artifactKey: Guid(ce051d1d6a9f892439c4095685ad1875) Importer(815301076,1909f56bfc062723c751e8b465ee728b)
Number of updated assets reloaded before import = 0
Start importing Assets/HenryAssets/HenryBundle/Materials/matShotgun.mat using Guid(ce051d1d6a9f892439c4095685ad1875) Importer(815301076,1909f56bfc062723c751e8b465ee728b)  -> (artifact id: 'a792bd08b5e16028dda1f41a06395206') in 0.109775 seconds 
Number of asset objects unloaded after import = 2
========================================================================
Received Import Request.
  Time since last request: 0.000038 seconds.
  path: Assets/HenryAssets/HenryBundle/VFX/Materials/matHitSpark.mat
  artifactKey: Guid(de4699978f6014940af503ccf5d6e32e) Importer(815301076,1909f56bfc062723c751e8b465ee728b)
Number of updated assets reloaded before import = 0
Start importing Assets/HenryAssets/HenryBundle/VFX/Materials/matHitSpark.mat using Guid(de4699978f6014940af503ccf5d6e32e) Importer(815301076,1909f56bfc062723c751e8b465ee728b)  -> (artifact id: 'f9a04caed03833496f84c3d374f1d0f7') in 0.049780 seconds 
Number of asset objects unloaded after import = 2
========================================================================
Received Import Request.
  Time since last request: 0.000029 seconds.
  path: Assets/HenryAssets/HenryBundle/Materials/matVergil.mat
  artifactKey: Guid(b1a29d39440821a42bb74f0b80b4e7ee) Importer(815301076,1909f56bfc062723c751e8b465ee728b)
Number of updated assets reloaded before import = 0
Start importing Assets/HenryAssets/HenryBundle/Materials/matVergil.mat using Guid(b1a29d39440821a42bb74f0b80b4e7ee) Importer(815301076,1909f56bfc062723c751e8b465ee728b)  -> (artifact id: '5b2a5b444d499ec1dba225a28a3c6a96') in 0.059781 seconds 
Number of asset objects unloaded after import = 2
========================================================================
Received Import Request.
  Time since last request: 0.000024 seconds.
  path: Assets/HenryAssets/HenryBundle/VFX/Materials/matRipple.mat
  artifactKey: Guid(a18588dcdbace914d85995c76cb47d13) Importer(815301076,1909f56bfc062723c751e8b465ee728b)
Number of updated assets reloaded before import = 0
Start importing Assets/HenryAssets/HenryBundle/VFX/Materials/matRipple.mat using Guid(a18588dcdbace914d85995c76cb47d13) Importer(815301076,1909f56bfc062723c751e8b465ee728b)  -> (artifact id: '12738356d19575b0b4d3b5ee0057b694') in 0.059969 seconds 
Number of asset objects unloaded after import = 2
========================================================================
Received Import Request.
  Time since last request: 0.000029 seconds.
  path: Assets/HenryAssets/HenryBundle/VFX/Materials/matEmbers.mat
  artifactKey: Guid(c85a5f7bc2b10bd4f864e1453608e574) Importer(815301076,1909f56bfc062723c751e8b465ee728b)
Number of updated assets reloaded before import = 0
Start importing Assets/HenryAssets/HenryBundle/VFX/Materials/matEmbers.mat using Guid(c85a5f7bc2b10bd4f864e1453608e574) Importer(815301076,1909f56bfc062723c751e8b465ee728b)  -> (artifact id: '8d557ab0d15400d2642c23eb8c9701d5') in 0.084548 seconds 
Number of asset objects unloaded after import = 2
========================================================================
Received Import Request.
  Time since last request: 0.000039 seconds.
  path: Assets/HenryAssets/HenryBundle/VFX/Materials/matHenrySwing2.mat
  artifactKey: Guid(03128a626241c594eb9f3b4c1e722425) Importer(815301076,1909f56bfc062723c751e8b465ee728b)
Number of updated assets reloaded before import = 0
Start importing Assets/HenryAssets/HenryBundle/VFX/Materials/matHenrySwing2.mat using Guid(03128a626241c594eb9f3b4c1e722425) Importer(815301076,1909f56bfc062723c751e8b465ee728b)  -> (artifact id: '8bfc5d405b111947ee14ed4c1ac2d11f') in 0.057997 seconds 
Number of asset objects unloaded after import = 2
========================================================================
Received Import Request.
  Time since last request: 0.000048 seconds.
  path: Assets/HenryAssets/HenryBundle/Materials/matDante.mat
  artifactKey: Guid(89303886ff86db54f8f038ce951821e6) Importer(815301076,1909f56bfc062723c751e8b465ee728b)
Number of updated assets reloaded before import = 0
Start importing Assets/HenryAssets/HenryBundle/Materials/matDante.mat using Guid(89303886ff86db54f8f038ce951821e6) Importer(815301076,1909f56bfc062723c751e8b465ee728b)  -> (artifact id: 'e8df715f127743d305468a0a991aae7a') in 0.056353 seconds 
Number of asset objects unloaded after import = 2
========================================================================
Received Import Request.
  Time since last request: 0.000025 seconds.
  path: Assets/HenryAssets/HenryBundle/VFX/Materials/matPunchImpact.mat
  artifactKey: Guid(ab299554492126b42ac662313d4627a9) Importer(815301076,1909f56bfc062723c751e8b465ee728b)
Number of updated assets reloaded before import = 0
Start importing Assets/HenryAssets/HenryBundle/VFX/Materials/matPunchImpact.mat using Guid(ab299554492126b42ac662313d4627a9) Importer(815301076,1909f56bfc062723c751e8b465ee728b)  -> (artifact id: '65694d134ea4766bde32c85f42271b0e') in 0.067409 seconds 
Number of asset objects unloaded after import = 3
========================================================================
Received Import Request.
  Time since last request: 0.000029 seconds.
  path: Assets/HenryAssets/HenryBundle/Materials/matHenry.mat
  artifactKey: Guid(14d6d121af8aca345b797120c5f6331b) Importer(815301076,1909f56bfc062723c751e8b465ee728b)
Number of updated assets reloaded before import = 0
Start importing Assets/HenryAssets/HenryBundle/Materials/matHenry.mat using Guid(14d6d121af8aca345b797120c5f6331b) Importer(815301076,1909f56bfc062723c751e8b465ee728b)  -> (artifact id: '2ba9ffa3eb9d03b30f231701cd7b7f77') in 0.037542 seconds 
Number of asset objects unloaded after import = 2
========================================================================
Received Import Request.
  Time since last request: 0.000024 seconds.
  path: Assets/HenryAssets/HenryBundle/Materials/matRoy.mat
  artifactKey: Guid(48b8c2d8852aba748b631aa0d0576c62) Importer(815301076,1909f56bfc062723c751e8b465ee728b)
Number of updated assets reloaded before import = 0
Start importing Assets/HenryAssets/HenryBundle/Materials/matRoy.mat using Guid(48b8c2d8852aba748b631aa0d0576c62) Importer(815301076,1909f56bfc062723c751e8b465ee728b)  -> (artifact id: '78ddfefeeda3918b215e95c7e9ebf6f9') in 0.034256 seconds 
Number of asset objects unloaded after import = 1
========================================================================
Received Import Request.
  Time since last request: 0.000052 seconds.
  path: Assets/HenryAssets/HenryBundle/VFX/Materials/matFire.mat
  artifactKey: Guid(1b30d9ad194702148b6aa97af0bb4e07) Importer(815301076,1909f56bfc062723c751e8b465ee728b)
Number of updated assets reloaded before import = 0
Start importing Assets/HenryAssets/HenryBundle/VFX/Materials/matFire.mat using Guid(1b30d9ad194702148b6aa97af0bb4e07) Importer(815301076,1909f56bfc062723c751e8b465ee728b)  -> (artifact id: '5cae3122869db9ce5d10d0b5b636aeb3') in 0.052173 seconds 
Number of asset objects unloaded after import = 2
========================================================================
Received Import Request.
  Time since last request: 0.000053 seconds.
  path: Assets/HenryAssets/HenryBundle/VFX/Materials/matPunchImpactShadow.mat
  artifactKey: Guid(f54b82764386d2f46abb6d92c80380c2) Importer(815301076,1909f56bfc062723c751e8b465ee728b)
Number of updated assets reloaded before import = 0
Start importing Assets/HenryAssets/HenryBundle/VFX/Materials/matPunchImpactShadow.mat using Guid(f54b82764386d2f46abb6d92c80380c2) Importer(815301076,1909f56bfc062723c751e8b465ee728b)  -> (artifact id: 'a420171df11996ee99c9c4dba17a5c81') in 0.054693 seconds 
Number of asset objects unloaded after import = 3
========================================================================
Received Import Request.
  Time since last request: 0.000023 seconds.
  path: Assets/HenryAssets/HenryBundle/Materials/matBazooka.mat
  artifactKey: Guid(c1e1690e5078e9147b30f452bb1c235a) Importer(815301076,1909f56bfc062723c751e8b465ee728b)
Number of updated assets reloaded before import = 0
Start importing Assets/HenryAssets/HenryBundle/Materials/matBazooka.mat using Guid(c1e1690e5078e9147b30f452bb1c235a) Importer(815301076,1909f56bfc062723c751e8b465ee728b)  -> (artifact id: '05fd26af7c9f6bb23ebff3ded262eaf3') in 0.054678 seconds 
Number of asset objects unloaded after import = 2
========================================================================
Received Import Request.
  Time since last request: 0.000023 seconds.
  path: Assets/HenryAssets/HenryBundle/VFX/Materials/matDust.mat
  artifactKey: Guid(56cb617c76600754894462bfc5f2eaae) Importer(815301076,1909f56bfc062723c751e8b465ee728b)
Number of updated assets reloaded before import = 0
Start importing Assets/HenryAssets/HenryBundle/VFX/Materials/matDust.mat using Guid(56cb617c76600754894462bfc5f2eaae) Importer(815301076,1909f56bfc062723c751e8b465ee728b)  -> (artifact id: '36abbf994427638be4c045aeccafcebd') in 0.060472 seconds 
Number of asset objects unloaded after import = 2
========================================================================
Received Import Request.
  Time since last request: 0.000036 seconds.
  path: Assets/HenryAssets/HenryBundle/Materials/matHenryAlt.mat
  artifactKey: Guid(507751368e16e18409e1c93f8022eb8c) Importer(815301076,1909f56bfc062723c751e8b465ee728b)
Number of updated assets reloaded before import = 0
Start importing Assets/HenryAssets/HenryBundle/Materials/matHenryAlt.mat using Guid(507751368e16e18409e1c93f8022eb8c) Importer(815301076,1909f56bfc062723c751e8b465ee728b)  -> (artifact id: '013146138d12a4d700eb14d422e44f5c') in 0.056124 seconds 
Number of asset objects unloaded after import = 2
========================================================================
Received Import Request.
  Time since last request: 0.000027 seconds.
  path: Assets/HenryAssets/HenryBundle/VFX/Materials/matFistSwing.mat
  artifactKey: Guid(8dddb357cea10c24192ed852ba1ad3f2) Importer(815301076,1909f56bfc062723c751e8b465ee728b)
Number of updated assets reloaded before import = 0
Start importing Assets/HenryAssets/HenryBundle/VFX/Materials/matFistSwing.mat using Guid(8dddb357cea10c24192ed852ba1ad3f2) Importer(815301076,1909f56bfc062723c751e8b465ee728b)  -> (artifact id: 'b1d2777464e207f8decd2d1f7d05793f') in 0.087191 seconds 
Number of asset objects unloaded after import = 2
Editor requested this worker to shutdown with reason: Scaling down because of idle timeout
AssetImportWorker is now disconnected from the server
Process exiting
Exiting without the bug reporter. Application will terminate with return code 0