Using pre-set license
Built from '2021.3/staging' branch; Version is '2021.3.33f1 (ee5a2aa03ab2) revision 15620650'; Using compiler version '192829333'; Build Type 'Release'
OS: 'Windows 11  (10.0.26100) 64bit Core' Language: 'de' Physical Memory: 16307 MB
BatchMode: 1, IsHumanControllingUs: 0, StartBugReporterOnCrash: 0, Is64bit: 1, IsPro: 1

COMMAND LINE ARGUMENTS:
C:\Program Files\Unity\Hub\Editor\2021.3.33f1\Editor\Unity.exe
-adb2
-batchMode
-noUpm
-name
AssetImportWorker4
-projectPath
C:/RoR2 Modding/Urgot-master/UrgotUnityProject
-logFile
Logs/AssetImportWorker4.log
-srvPort
61681
Successfully changed project path to: C:/RoR2 Modding/Urgot-master/UrgotUnityProject
C:/RoR2 Modding/Urgot-master/UrgotUnityProject
[UnityMemory] Configuration Parameters - Can be set up in boot.config
    "memorysetup-bucket-allocator-granularity=16"
    "memorysetup-bucket-allocator-bucket-count=8"
    "memorysetup-bucket-allocator-block-size=33554432"
    "memorysetup-bucket-allocator-block-count=8"
    "memorysetup-main-allocator-block-size=16777216"
    "memorysetup-thread-allocator-block-size=16777216"
    "memorysetup-gfx-main-allocator-block-size=16777216"
    "memorysetup-gfx-thread-allocator-block-size=16777216"
    "memorysetup-cache-allocator-block-size=4194304"
    "memorysetup-typetree-allocator-block-size=2097152"
    "memorysetup-profiler-bucket-allocator-granularity=16"
    "memorysetup-profiler-bucket-allocator-bucket-count=8"
    "memorysetup-profiler-bucket-allocator-block-size=33554432"
    "memorysetup-profiler-bucket-allocator-block-count=8"
    "memorysetup-profiler-allocator-block-size=16777216"
    "memorysetup-profiler-editor-allocator-block-size=1048576"
    "memorysetup-temp-allocator-size-main=16777216"
    "memorysetup-job-temp-allocator-block-size=2097152"
    "memorysetup-job-temp-allocator-block-size-background=1048576"
    "memorysetup-job-temp-allocator-reduction-small-platforms=262144"
    "memorysetup-temp-allocator-size-background-worker=32768"
    "memorysetup-temp-allocator-size-job-worker=262144"
    "memorysetup-temp-allocator-size-preload-manager=33554432"
    "memorysetup-temp-allocator-size-nav-mesh-worker=65536"
    "memorysetup-temp-allocator-size-audio-worker=65536"
    "memorysetup-temp-allocator-size-cloud-worker=32768"
    "memorysetup-temp-allocator-size-gi-baking-worker=262144"
    "memorysetup-temp-allocator-size-gfx=262144"
Player connection [30844] Host "[IP] 192.168.178.29 [Port] 0 [Flags] 2 [Guid] 2663299920 [EditorId] 2663299920 [Version] 1048832 [Id] WindowsEditor(7,Pauls-PC-mehr-C) [Debug] 1 [PackageName] WindowsEditor [ProjectName] Editor" joined multi-casting on [225.0.0.222:54997]...

Player connection [30844] Host "[IP] 192.168.178.29 [Port] 0 [Flags] 2 [Guid] 2663299920 [EditorId] 2663299920 [Version] 1048832 [Id] WindowsEditor(7,Pauls-PC-mehr-C) [Debug] 1 [PackageName] WindowsEditor [ProjectName] Editor" joined alternative multi-casting on [225.0.0.222:34997]...

[Physics::Module] Initialized MultithreadedJobDispatcher with {0} workers.
Refreshing native plugins compatible for Editor in 22.64 ms, found 0 plugins.
Preloading 0 native plugins for Editor in 0.00 ms.
Initialize engine version: 2021.3.33f1 (ee5a2aa03ab2)
[Subsystems] Discovering subsystems at path C:/Program Files/Unity/Hub/Editor/2021.3.33f1/Editor/Data/Resources/UnitySubsystems
[Subsystems] Discovering subsystems at path C:/RoR2 Modding/Urgot-master/UrgotUnityProject/Assets
GfxDevice: creating device client; threaded=0; jobified=0
Direct3D:
    Version:  Direct3D 11.0 [level 11.1]
    Renderer: NVIDIA GeForce RTX 3070 (ID=0x2484)
    Vendor:   NVIDIA
    VRAM:     8018 MB
    Driver:   32.0.15.6094
Initialize mono
Mono path[0] = 'C:/Program Files/Unity/Hub/Editor/2021.3.33f1/Editor/Data/Managed'
Mono path[1] = 'C:/Program Files/Unity/Hub/Editor/2021.3.33f1/Editor/Data/MonoBleedingEdge/lib/mono/unityjit-win32'
Mono config path = 'C:/Program Files/Unity/Hub/Editor/2021.3.33f1/Editor/Data/MonoBleedingEdge/etc'
Using monoOptions --debugger-agent=transport=dt_socket,embedding=1,server=y,suspend=n,address=127.0.0.1:56576
Begin MonoManager ReloadAssembly
Registering precompiled unity dll's ...
Register platform support module: C:/Program Files/Unity/Hub/Editor/2021.3.33f1/Editor/Data/PlaybackEngines/WindowsStandaloneSupport/UnityEditor.WindowsStandalone.Extensions.dll
Registered in 0.006836 seconds.
Native extension for WindowsStandalone target not found
Refreshing native plugins compatible for Editor in 20.67 ms, found 0 plugins.
Preloading 0 native plugins for Editor in 0.00 ms.
Mono: successfully reloaded assembly
- Completed reload, in  0.728 seconds
Domain Reload Profiling:
	ReloadAssembly (729ms)
		BeginReloadAssembly (122ms)
			ExecutionOrderSort (0ms)
			DisableScriptedObjects (0ms)
			BackupInstance (0ms)
			ReleaseScriptingObjects (0ms)
			CreateAndSetChildDomain (2ms)
		EndReloadAssembly (485ms)
			LoadAssemblies (118ms)
			RebuildTransferFunctionScriptingTraits (0ms)
			SetupTypeCache (134ms)
			ReleaseScriptCaches (0ms)
			RebuildScriptCaches (33ms)
			SetupLoadedEditorAssemblies (268ms)
				LogAssemblyErrors (0ms)
				InitializePlatformSupportModulesInManaged (9ms)
				SetLoadedEditorAssemblies (0ms)
				RefreshPlugins (21ms)
				BeforeProcessingInitializeOnLoad (1ms)
				ProcessInitializeOnLoadAttributes (181ms)
				ProcessInitializeOnLoadMethodAttributes (54ms)
				AfterProcessingInitializeOnLoad (0ms)
				EditorAssembliesLoaded (0ms)
			ExecutionOrderSort2 (0ms)
			AwakeInstancesAfterBackupRestoration (0ms)
Platform modules already initialized, skipping
Registering precompiled user dll's ...
Registered in 0.000716 seconds.
Begin MonoManager ReloadAssembly
Native extension for WindowsStandalone target not found
Refreshing native plugins compatible for Editor in 0.25 ms, found 0 plugins.
Preloading 0 native plugins for Editor in 0.00 ms.
Mono: successfully reloaded assembly
- Completed reload, in  0.888 seconds
Domain Reload Profiling:
	ReloadAssembly (890ms)
		BeginReloadAssembly (160ms)
			ExecutionOrderSort (0ms)
			DisableScriptedObjects (7ms)
			BackupInstance (0ms)
			ReleaseScriptingObjects (0ms)
			CreateAndSetChildDomain (24ms)
		EndReloadAssembly (600ms)
			LoadAssemblies (101ms)
			RebuildTransferFunctionScriptingTraits (0ms)
			SetupTypeCache (146ms)
			ReleaseScriptCaches (0ms)
			RebuildScriptCaches (39ms)
			SetupLoadedEditorAssemblies (299ms)
				LogAssemblyErrors (0ms)
				InitializePlatformSupportModulesInManaged (7ms)
				SetLoadedEditorAssemblies (1ms)
				RefreshPlugins (0ms)
				BeforeProcessingInitializeOnLoad (50ms)
				ProcessInitializeOnLoadAttributes (175ms)
				ProcessInitializeOnLoadMethodAttributes (51ms)
				AfterProcessingInitializeOnLoad (15ms)
				EditorAssembliesLoaded (0ms)
			ExecutionOrderSort2 (0ms)
			AwakeInstancesAfterBackupRestoration (14ms)
Platform modules already initialized, skipping
========================================================================
Worker process is ready to serve import requests
Launched and connected shader compiler UnityShaderCompiler.exe after 0.06 seconds
Refreshing native plugins compatible for Editor in 0.18 ms, found 0 plugins.
Preloading 0 native plugins for Editor in 0.00 ms.
Unloading 705 Unused Serialized files (Serialized files now loaded: 0)
Unloading 8 unused Assets / (46.3 KB). Loaded Objects now: 1179.
Memory consumption went from 44.1 MB to 44.0 MB.
Total: 2.586900 ms (FindLiveObjects: 0.100200 ms CreateObjectMapping: 0.019100 ms MarkObjects: 2.399000 ms  DeleteObjects: 0.067400 ms)

AssetImportParameters requested are different than current active one (requested -> active):
  custom:video-decoder-ogg-theora: a1e56fd34408186e4bbccfd4996cb3dc -> 
  custom:container-muxer-webm: aa71ff27fc2769a1b78a27578f13a17b -> 
  custom:container-demuxer-webm: 4f35f7cbe854078d1ac9338744f61a02 -> 
  custom:video-encoder-webm-vp8: eb34c28f22e8b96e1ab97ce403110664 -> 
  custom:video-codec-MediaFoundation-h265: 746d11721c4dcdbdad8f713fa42b33f4 -> 
  custom:CustomObjectIndexerAttribute: bc11b3a6c3213fcdd17b65e7da85e133 -> 
  custom:audio-encoder-webm-vorbis: bf7c407c2cedff20999df2af8eb42d56 -> 
  custom:framework-win-MediaFoundation: 216162199b28c13a410421893ffa2e32 -> 
  custom:SearchIndexIgnoredProperties: e643bd26f0fe6173181afceb89e7c659 -> 
  custom:container-demuxer-ogg: 62fdf1f143b41e24485cea50d1cbac27 -> 
  custom:video-decoder-webm-vp8: 9c59270c3fd7afecdb556c50c9e8de78 -> 
  custom:audio-decoder-ogg-vorbis: bf7c407c2cedff20999df2af8eb42d56 -> 
========================================================================
Received Import Request.
  Time since last request: 25368.006640 seconds.
  path: Assets/Urgot/urgot_square.png
  artifactKey: Guid(a58498b340528bb42ad8282f32798e54) Importer(815301076,1909f56bfc062723c751e8b465ee728b)
Number of updated assets reloaded before import = 0
Start importing Assets/Urgot/urgot_square.png using Guid(a58498b340528bb42ad8282f32798e54) Importer(815301076,1909f56bfc062723c751e8b465ee728b)  -> (artifact id: 'b69ac291e4a2f4bbd8c7421c8f5b85df') in 0.138989 seconds 
Number of asset objects unloaded after import = 2
========================================================================
Received Import Request.
  Time since last request: 6.524197 seconds.
  path: Assets/Urgot/urgot_square.png
  artifactKey: Guid(a58498b340528bb42ad8282f32798e54) Importer(815301076,1909f56bfc062723c751e8b465ee728b)
Number of updated assets reloaded before import = 0
Start importing Assets/Urgot/urgot_square.png using Guid(a58498b340528bb42ad8282f32798e54) Importer(815301076,1909f56bfc062723c751e8b465ee728b)  -> (artifact id: '822804b1105c61944d431d370b5c039f') in 0.075078 seconds 
Number of asset objects unloaded after import = 3
========================================================================
Received Import Request.
  Time since last request: 13.604549 seconds.
  path: Assets/Urgot/icons2d/urgot_passive.png
  artifactKey: Guid(69cc2c2a25aea764c9686dc55e3f110d) Importer(815301076,1909f56bfc062723c751e8b465ee728b)
Number of updated assets reloaded before import = 0
Start importing Assets/Urgot/icons2d/urgot_passive.png using Guid(69cc2c2a25aea764c9686dc55e3f110d) Importer(815301076,1909f56bfc062723c751e8b465ee728b)  -> (artifact id: 'cd9a8c56aea4ab665406a35bcea42ee4') in 0.028011 seconds 
Number of asset objects unloaded after import = 3
========================================================================
Received Import Request.
  Time since last request: 17.678823 seconds.
  path: Assets/Urgot/particles/urgot_base_r_screenchainswipe.dds
  artifactKey: Guid(bc5cf15843b8b3b40a3cdf0e016555d6) Importer(815301076,1909f56bfc062723c751e8b465ee728b)
Number of updated assets reloaded before import = 0
Start importing Assets/Urgot/particles/urgot_base_r_screenchainswipe.dds using Guid(bc5cf15843b8b3b40a3cdf0e016555d6) Importer(815301076,1909f56bfc062723c751e8b465ee728b)  -> (artifact id: '0f61b8d4411d26bdb98313559e3a7c88') in 0.059407 seconds 
Number of asset objects unloaded after import = 2
========================================================================
Received Import Request.
  Time since last request: 0.000042 seconds.
  path: Assets/Urgot/particles/urgot_base_z_cinder.dds
  artifactKey: Guid(93fc10a4511ef1949b615a4699527852) Importer(815301076,1909f56bfc062723c751e8b465ee728b)
Number of updated assets reloaded before import = 0
Start importing Assets/Urgot/particles/urgot_base_z_cinder.dds using Guid(93fc10a4511ef1949b615a4699527852) Importer(815301076,1909f56bfc062723c751e8b465ee728b)  -> (artifact id: 'cea054882daed472229f21ce7e978e47') in 0.045206 seconds 
Number of asset objects unloaded after import = 2
========================================================================
Received Import Request.
  Time since last request: 0.000072 seconds.
  path: Assets/Urgot/particles/urgot_base_z_shockripples.dds
  artifactKey: Guid(ee3f7b440ff4f10418e87f43214518bf) Importer(815301076,1909f56bfc062723c751e8b465ee728b)
Number of updated assets reloaded before import = 0
Start importing Assets/Urgot/particles/urgot_base_z_shockripples.dds using Guid(ee3f7b440ff4f10418e87f43214518bf) Importer(815301076,1909f56bfc062723c751e8b465ee728b)  -> (artifact id: 'b79418a6a88d6cda1703686530f71f1b') in 0.048096 seconds 
Number of asset objects unloaded after import = 2
========================================================================
Received Import Request.
  Time since last request: 0.000026 seconds.
  path: Assets/Urgot/particles/urgot_base_z_shieldswipe.dds
  artifactKey: Guid(2ad2a3d2cb7b1654fa12c741133d0d4a) Importer(815301076,1909f56bfc062723c751e8b465ee728b)
Number of updated assets reloaded before import = 0
Start importing Assets/Urgot/particles/urgot_base_z_shieldswipe.dds using Guid(2ad2a3d2cb7b1654fa12c741133d0d4a) Importer(815301076,1909f56bfc062723c751e8b465ee728b)  -> (artifact id: 'a576b22ab430a001ed6764c003f0af32') in 0.037653 seconds 
Number of asset objects unloaded after import = 2
========================================================================
Received Import Request.
  Time since last request: 0.000022 seconds.
  path: Assets/Urgot/particles/urgot_base_z_firemult.dds
  artifactKey: Guid(b29fd7cde87399a4689564f2f9f84847) Importer(815301076,1909f56bfc062723c751e8b465ee728b)
Number of updated assets reloaded before import = 0
Start importing Assets/Urgot/particles/urgot_base_z_firemult.dds using Guid(b29fd7cde87399a4689564f2f9f84847) Importer(815301076,1909f56bfc062723c751e8b465ee728b)  -> (artifact id: '0232e3a94a120fb0ee58542050944738') in 0.035547 seconds 
Number of asset objects unloaded after import = 2
========================================================================
Received Import Request.
  Time since last request: 0.000151 seconds.
  path: Assets/Urgot/particles/urgot_base_w_reksai_base_burrowed_q_splash_tar.dds
  artifactKey: Guid(b0044f7db7569c14489d380c2e97b525) Importer(815301076,1909f56bfc062723c751e8b465ee728b)
Number of updated assets reloaded before import = 0
Start importing Assets/Urgot/particles/urgot_base_w_reksai_base_burrowed_q_splash_tar.dds using Guid(b0044f7db7569c14489d380c2e97b525) Importer(815301076,1909f56bfc062723c751e8b465ee728b)  -> (artifact id: 'be38a6be0a323417cafe949d48b87b76') in 0.044813 seconds 
Number of asset objects unloaded after import = 2
========================================================================
Received Import Request.
  Time since last request: 0.000030 seconds.
  path: Assets/Urgot/particles/urgot_base_z_brightspark.dds
  artifactKey: Guid(66036ae8f7c1df04c8db97bf8bf6adb8) Importer(815301076,1909f56bfc062723c751e8b465ee728b)
Number of updated assets reloaded before import = 0
Start importing Assets/Urgot/particles/urgot_base_z_brightspark.dds using Guid(66036ae8f7c1df04c8db97bf8bf6adb8) Importer(815301076,1909f56bfc062723c751e8b465ee728b)  -> (artifact id: '176a4d8a07749849223539411bf1820a') in 0.035211 seconds 
Number of asset objects unloaded after import = 2
========================================================================
Received Import Request.
  Time since last request: 0.000039 seconds.
  path: Assets/Urgot/particles/urgot_base_z_flareomni.dds
  artifactKey: Guid(d593f9167e3cc024db963371cb8582ff) Importer(815301076,1909f56bfc062723c751e8b465ee728b)
Number of updated assets reloaded before import = 0
Start importing Assets/Urgot/particles/urgot_base_z_flareomni.dds using Guid(d593f9167e3cc024db963371cb8582ff) Importer(815301076,1909f56bfc062723c751e8b465ee728b)  -> (artifact id: 'c53b0f8afe64b19a27bf476d3b0fb368') in 0.045577 seconds 
Number of asset objects unloaded after import = 2
========================================================================
Received Import Request.
  Time since last request: 0.000041 seconds.
  path: Assets/Urgot/particles/urgot_base_r_timer.dds
  artifactKey: Guid(98e516761ff15d9408e9c29a39f61820) Importer(815301076,1909f56bfc062723c751e8b465ee728b)
Number of updated assets reloaded before import = 0
Start importing Assets/Urgot/particles/urgot_base_r_timer.dds using Guid(98e516761ff15d9408e9c29a39f61820) Importer(815301076,1909f56bfc062723c751e8b465ee728b)  -> (artifact id: 'c1e0c2320c239bb31488df42ed7926b1') in 0.039072 seconds 
Number of asset objects unloaded after import = 2
========================================================================
Received Import Request.
  Time since last request: 0.000023 seconds.
  path: Assets/Urgot/particles/urgot_base_z_energystreaksadd.dds
  artifactKey: Guid(5e4a9d9a8eda3a44cab21170763e42b4) Importer(815301076,1909f56bfc062723c751e8b465ee728b)
Number of updated assets reloaded before import = 0
Start importing Assets/Urgot/particles/urgot_base_z_energystreaksadd.dds using Guid(5e4a9d9a8eda3a44cab21170763e42b4) Importer(815301076,1909f56bfc062723c751e8b465ee728b)  -> (artifact id: '614d48fc369bd25171424c31059f84e9') in 0.037744 seconds 
Number of asset objects unloaded after import = 2
========================================================================
Received Import Request.
  Time since last request: 0.000026 seconds.
  path: Assets/Urgot/particles/urgot_base_w_color-rampdown32.dds
  artifactKey: Guid(f5ffaeecdf52da440838729402432f82) Importer(815301076,1909f56bfc062723c751e8b465ee728b)
Number of updated assets reloaded before import = 0
Start importing Assets/Urgot/particles/urgot_base_w_color-rampdown32.dds using Guid(f5ffaeecdf52da440838729402432f82) Importer(815301076,1909f56bfc062723c751e8b465ee728b)  -> (artifact id: '876be6d1e02ddcacbb4a2086ee8b8d4f') in 0.031895 seconds 
Number of asset objects unloaded after import = 2
========================================================================
Received Import Request.
  Time since last request: 0.000020 seconds.
  path: Assets/Urgot/particles/urgot_base_w_shieldgrid.dds
  artifactKey: Guid(d33fa61279f1808458a4faf2d6233dfe) Importer(815301076,1909f56bfc062723c751e8b465ee728b)
Number of updated assets reloaded before import = 0
Start importing Assets/Urgot/particles/urgot_base_w_shieldgrid.dds using Guid(d33fa61279f1808458a4faf2d6233dfe) Importer(815301076,1909f56bfc062723c751e8b465ee728b)  -> (artifact id: 'cd631863aeefa06c8ca90f9a88bad206') in 0.037915 seconds 
Number of asset objects unloaded after import = 2
========================================================================
Received Import Request.
  Time since last request: 0.000034 seconds.
  path: Assets/Urgot/particles/urgot_base_z_randomrampdown.dds
  artifactKey: Guid(0be91691a703a5545a421aadaf86ffd9) Importer(815301076,1909f56bfc062723c751e8b465ee728b)
Number of updated assets reloaded before import = 0
Start importing Assets/Urgot/particles/urgot_base_z_randomrampdown.dds using Guid(0be91691a703a5545a421aadaf86ffd9) Importer(815301076,1909f56bfc062723c751e8b465ee728b)  -> (artifact id: '40fa105806b887809cfb7ddd17a13724') in 0.038544 seconds 
Number of asset objects unloaded after import = 2
========================================================================
Received Import Request.
  Time since last request: 0.000025 seconds.
  path: Assets/Urgot/particles/urgot_base_r_steamjets.dds
  artifactKey: Guid(9224fd677b5774d4f8016e1c40b4ac51) Importer(815301076,1909f56bfc062723c751e8b465ee728b)
Number of updated assets reloaded before import = 0
Start importing Assets/Urgot/particles/urgot_base_r_steamjets.dds using Guid(9224fd677b5774d4f8016e1c40b4ac51) Importer(815301076,1909f56bfc062723c751e8b465ee728b)  -> (artifact id: '1da556c98934c7775f161aad61321bf3') in 0.040182 seconds 
Number of asset objects unloaded after import = 2
========================================================================
Received Import Request.
  Time since last request: 0.000033 seconds.
  path: Assets/Urgot/particles/urgot_base_z_glowdust.dds
  artifactKey: Guid(82e88cda5ebaec942968dbd9ed199863) Importer(815301076,1909f56bfc062723c751e8b465ee728b)
Number of updated assets reloaded before import = 0
Start importing Assets/Urgot/particles/urgot_base_z_glowdust.dds using Guid(82e88cda5ebaec942968dbd9ed199863) Importer(815301076,1909f56bfc062723c751e8b465ee728b)  -> (artifact id: '93b62761585075719c62f6217d4fac23') in 0.040942 seconds 
Number of asset objects unloaded after import = 2
========================================================================
Received Import Request.
  Time since last request: 0.000050 seconds.
  path: Assets/Urgot/particles/urgot_base_z_emoteprops.dds
  artifactKey: Guid(4c038fb7e68009142b9ed21a53cad886) Importer(815301076,1909f56bfc062723c751e8b465ee728b)
Number of updated assets reloaded before import = 0
Start importing Assets/Urgot/particles/urgot_base_z_emoteprops.dds using Guid(4c038fb7e68009142b9ed21a53cad886) Importer(815301076,1909f56bfc062723c751e8b465ee728b)  -> (artifact id: '10dfa33026a39bb757df9d182db57fdf') in 0.044414 seconds 
Number of asset objects unloaded after import = 2
========================================================================
Received Import Request.
  Time since last request: 0.000031 seconds.
  path: Assets/Urgot/particles/urgot_base_z_prop4.dds
  artifactKey: Guid(7b92652cbff03cc4e909dee293fed3f3) Importer(815301076,1909f56bfc062723c751e8b465ee728b)
Number of updated assets reloaded before import = 0
Start importing Assets/Urgot/particles/urgot_base_z_prop4.dds using Guid(7b92652cbff03cc4e909dee293fed3f3) Importer(815301076,1909f56bfc062723c751e8b465ee728b)  -> (artifact id: '7ade04382e387f2348a4091a9eeb3109') in 0.041260 seconds 
Number of asset objects unloaded after import = 2
========================================================================
Received Import Request.
  Time since last request: 0.000038 seconds.
  path: Assets/Urgot/particles/urgot_base_z_distortionwave.dds
  artifactKey: Guid(a54f2c8ce7721ae4e982b3bc420a68c7) Importer(815301076,1909f56bfc062723c751e8b465ee728b)
Number of updated assets reloaded before import = 0
Start importing Assets/Urgot/particles/urgot_base_z_distortionwave.dds using Guid(a54f2c8ce7721ae4e982b3bc420a68c7) Importer(815301076,1909f56bfc062723c751e8b465ee728b)  -> (artifact id: '2b744d875699511bda661e00cdb7e582') in 0.044435 seconds 
Number of asset objects unloaded after import = 2
========================================================================
Received Import Request.
  Time since last request: 0.000029 seconds.
  path: Assets/Urgot/particles/urgot_base_z_lightbeam.dds
  artifactKey: Guid(692bd21586307d544a97814ac0e759b3) Importer(815301076,1909f56bfc062723c751e8b465ee728b)
Number of updated assets reloaded before import = 0
Start importing Assets/Urgot/particles/urgot_base_z_lightbeam.dds using Guid(692bd21586307d544a97814ac0e759b3) Importer(815301076,1909f56bfc062723c751e8b465ee728b)  -> (artifact id: '88f8da6e8a40c4601d6dff2ddf315907') in 0.041619 seconds 
Number of asset objects unloaded after import = 2
========================================================================
Received Import Request.
  Time since last request: 0.000030 seconds.
  path: Assets/Urgot/particles/urgot_base_r_toxicmist.dds
  artifactKey: Guid(8377f1b4920d5c64aa9aa741b64a4df3) Importer(815301076,1909f56bfc062723c751e8b465ee728b)
Number of updated assets reloaded before import = 0
Start importing Assets/Urgot/particles/urgot_base_r_toxicmist.dds using Guid(8377f1b4920d5c64aa9aa741b64a4df3) Importer(815301076,1909f56bfc062723c751e8b465ee728b)  -> (artifact id: '3e5055496811e2bcfb7113102776dcdc') in 0.041673 seconds 
Number of asset objects unloaded after import = 2
========================================================================
Received Import Request.
  Time since last request: 0.000034 seconds.
  path: Assets/Urgot/particles/urgot_base_z_blaststreaks.dds
  artifactKey: Guid(b4293fa872662e9489d72a2cf224faa6) Importer(815301076,1909f56bfc062723c751e8b465ee728b)
Number of updated assets reloaded before import = 0
Start importing Assets/Urgot/particles/urgot_base_z_blaststreaks.dds using Guid(b4293fa872662e9489d72a2cf224faa6) Importer(815301076,1909f56bfc062723c751e8b465ee728b)  -> (artifact id: '4ad079fc6d9752ee0aca9afb224bc772') in 0.035144 seconds 
Number of asset objects unloaded after import = 2
========================================================================
Received Import Request.
  Time since last request: 0.000038 seconds.
  path: Assets/Urgot/particles/urgot_base_w_reticlelock.dds
  artifactKey: Guid(a5ea1d1eb9e954c46aee56404f783987) Importer(815301076,1909f56bfc062723c751e8b465ee728b)
Number of updated assets reloaded before import = 0
Start importing Assets/Urgot/particles/urgot_base_w_reticlelock.dds using Guid(a5ea1d1eb9e954c46aee56404f783987) Importer(815301076,1909f56bfc062723c751e8b465ee728b)  -> (artifact id: '97eb3bcff00bc9ae7aa6bdd1df95f7ea') in 0.036526 seconds 
Number of asset objects unloaded after import = 2
========================================================================
Received Prepare
Refreshing native plugins compatible for Editor in 2.13 ms, found 0 plugins.
Preloading 0 native plugins for Editor in 0.00 ms.
Unloading 2 Unused Serialized files (Serialized files now loaded: 0)
Unloading 2 unused Assets / (4.4 KB). Loaded Objects now: 1190.
Memory consumption went from 34.0 MB to 34.0 MB.
Total: 10.932300 ms (FindLiveObjects: 0.297600 ms CreateObjectMapping: 0.038200 ms MarkObjects: 10.558800 ms  DeleteObjects: 0.034700 ms)

AssetImportParameters requested are different than current active one (requested -> active):
  custom:video-decoder-ogg-theora: a1e56fd34408186e4bbccfd4996cb3dc -> 
  custom:container-muxer-webm: aa71ff27fc2769a1b78a27578f13a17b -> 
  custom:container-demuxer-webm: 4f35f7cbe854078d1ac9338744f61a02 -> 
  custom:video-encoder-webm-vp8: eb34c28f22e8b96e1ab97ce403110664 -> 
  custom:video-codec-MediaFoundation-h265: 746d11721c4dcdbdad8f713fa42b33f4 -> 
  custom:CustomObjectIndexerAttribute: bc11b3a6c3213fcdd17b65e7da85e133 -> 
  custom:audio-encoder-webm-vorbis: bf7c407c2cedff20999df2af8eb42d56 -> 
  custom:framework-win-MediaFoundation: 216162199b28c13a410421893ffa2e32 -> 
  custom:SearchIndexIgnoredProperties: e643bd26f0fe6173181afceb89e7c659 -> 
  custom:container-demuxer-ogg: 62fdf1f143b41e24485cea50d1cbac27 -> 
  custom:video-decoder-webm-vp8: 9c59270c3fd7afecdb556c50c9e8de78 -> 
  custom:audio-decoder-ogg-vorbis: bf7c407c2cedff20999df2af8eb42d56 -> 
========================================================================
Received Prepare
Refreshing native plugins compatible for Editor in 1.53 ms, found 0 plugins.
Preloading 0 native plugins for Editor in 0.00 ms.
Unloading 2 Unused Serialized files (Serialized files now loaded: 0)
Unloading 2 unused Assets / (4.4 KB). Loaded Objects now: 1190.
Memory consumption went from 34.0 MB to 34.0 MB.
Total: 6.206400 ms (FindLiveObjects: 0.206400 ms CreateObjectMapping: 0.048900 ms MarkObjects: 5.915000 ms  DeleteObjects: 0.033800 ms)

AssetImportParameters requested are different than current active one (requested -> active):
  custom:video-decoder-ogg-theora: a1e56fd34408186e4bbccfd4996cb3dc -> 
  custom:container-muxer-webm: aa71ff27fc2769a1b78a27578f13a17b -> 
  custom:container-demuxer-webm: 4f35f7cbe854078d1ac9338744f61a02 -> 
  custom:video-encoder-webm-vp8: eb34c28f22e8b96e1ab97ce403110664 -> 
  custom:video-codec-MediaFoundation-h265: 746d11721c4dcdbdad8f713fa42b33f4 -> 
  custom:CustomObjectIndexerAttribute: bc11b3a6c3213fcdd17b65e7da85e133 -> 
  custom:audio-encoder-webm-vorbis: bf7c407c2cedff20999df2af8eb42d56 -> 
  custom:framework-win-MediaFoundation: 216162199b28c13a410421893ffa2e32 -> 
  custom:SearchIndexIgnoredProperties: e643bd26f0fe6173181afceb89e7c659 -> 
  custom:container-demuxer-ogg: 62fdf1f143b41e24485cea50d1cbac27 -> 
  custom:video-decoder-webm-vp8: 9c59270c3fd7afecdb556c50c9e8de78 -> 
  custom:audio-decoder-ogg-vorbis: bf7c407c2cedff20999df2af8eb42d56 -> 
========================================================================
Received Prepare
Refreshing native plugins compatible for Editor in 1.58 ms, found 0 plugins.
Preloading 0 native plugins for Editor in 0.00 ms.
Unloading 2 Unused Serialized files (Serialized files now loaded: 0)
Unloading 2 unused Assets / (4.4 KB). Loaded Objects now: 1190.
Memory consumption went from 34.0 MB to 34.0 MB.
Total: 7.930500 ms (FindLiveObjects: 0.297400 ms CreateObjectMapping: 0.039000 ms MarkObjects: 7.562100 ms  DeleteObjects: 0.029800 ms)

AssetImportParameters requested are different than current active one (requested -> active):
  custom:video-decoder-ogg-theora: a1e56fd34408186e4bbccfd4996cb3dc -> 
  custom:container-muxer-webm: aa71ff27fc2769a1b78a27578f13a17b -> 
  custom:container-demuxer-webm: 4f35f7cbe854078d1ac9338744f61a02 -> 
  custom:video-encoder-webm-vp8: eb34c28f22e8b96e1ab97ce403110664 -> 
  custom:video-codec-MediaFoundation-h265: 746d11721c4dcdbdad8f713fa42b33f4 -> 
  custom:CustomObjectIndexerAttribute: bc11b3a6c3213fcdd17b65e7da85e133 -> 
  custom:audio-encoder-webm-vorbis: bf7c407c2cedff20999df2af8eb42d56 -> 
  custom:framework-win-MediaFoundation: 216162199b28c13a410421893ffa2e32 -> 
  custom:SearchIndexIgnoredProperties: e643bd26f0fe6173181afceb89e7c659 -> 
  custom:container-demuxer-ogg: 62fdf1f143b41e24485cea50d1cbac27 -> 
  custom:video-decoder-webm-vp8: 9c59270c3fd7afecdb556c50c9e8de78 -> 
  custom:audio-decoder-ogg-vorbis: bf7c407c2cedff20999df2af8eb42d56 -> 
========================================================================
Received Prepare
Refreshing native plugins compatible for Editor in 1.19 ms, found 0 plugins.
Preloading 0 native plugins for Editor in 0.00 ms.
Unloading 2 Unused Serialized files (Serialized files now loaded: 0)
Unloading 2 unused Assets / (4.4 KB). Loaded Objects now: 1190.
Memory consumption went from 34.0 MB to 34.0 MB.
Total: 13.820000 ms (FindLiveObjects: 0.566900 ms CreateObjectMapping: 0.074000 ms MarkObjects: 13.143100 ms  DeleteObjects: 0.034100 ms)

AssetImportParameters requested are different than current active one (requested -> active):
  custom:video-decoder-ogg-theora: a1e56fd34408186e4bbccfd4996cb3dc -> 
  custom:container-muxer-webm: aa71ff27fc2769a1b78a27578f13a17b -> 
  custom:container-demuxer-webm: 4f35f7cbe854078d1ac9338744f61a02 -> 
  custom:video-encoder-webm-vp8: eb34c28f22e8b96e1ab97ce403110664 -> 
  custom:video-codec-MediaFoundation-h265: 746d11721c4dcdbdad8f713fa42b33f4 -> 
  custom:CustomObjectIndexerAttribute: bc11b3a6c3213fcdd17b65e7da85e133 -> 
  custom:audio-encoder-webm-vorbis: bf7c407c2cedff20999df2af8eb42d56 -> 
  custom:framework-win-MediaFoundation: 216162199b28c13a410421893ffa2e32 -> 
  custom:SearchIndexIgnoredProperties: e643bd26f0fe6173181afceb89e7c659 -> 
  custom:container-demuxer-ogg: 62fdf1f143b41e24485cea50d1cbac27 -> 
  custom:video-decoder-webm-vp8: 9c59270c3fd7afecdb556c50c9e8de78 -> 
  custom:audio-decoder-ogg-vorbis: bf7c407c2cedff20999df2af8eb42d56 -> 
========================================================================
Received Prepare
Refreshing native plugins compatible for Editor in 1.30 ms, found 0 plugins.
Preloading 0 native plugins for Editor in 0.00 ms.
Unloading 2 Unused Serialized files (Serialized files now loaded: 0)
Unloading 2 unused Assets / (4.4 KB). Loaded Objects now: 1190.
Memory consumption went from 34.0 MB to 34.0 MB.
Total: 6.901500 ms (FindLiveObjects: 0.219400 ms CreateObjectMapping: 0.069200 ms MarkObjects: 6.570500 ms  DeleteObjects: 0.040100 ms)

AssetImportParameters requested are different than current active one (requested -> active):
  custom:video-decoder-ogg-theora: a1e56fd34408186e4bbccfd4996cb3dc -> 
  custom:container-muxer-webm: aa71ff27fc2769a1b78a27578f13a17b -> 
  custom:container-demuxer-webm: 4f35f7cbe854078d1ac9338744f61a02 -> 
  custom:video-encoder-webm-vp8: eb34c28f22e8b96e1ab97ce403110664 -> 
  custom:video-codec-MediaFoundation-h265: 746d11721c4dcdbdad8f713fa42b33f4 -> 
  custom:CustomObjectIndexerAttribute: bc11b3a6c3213fcdd17b65e7da85e133 -> 
  custom:audio-encoder-webm-vorbis: bf7c407c2cedff20999df2af8eb42d56 -> 
  custom:framework-win-MediaFoundation: 216162199b28c13a410421893ffa2e32 -> 
  custom:SearchIndexIgnoredProperties: e643bd26f0fe6173181afceb89e7c659 -> 
  custom:container-demuxer-ogg: 62fdf1f143b41e24485cea50d1cbac27 -> 
  custom:video-decoder-webm-vp8: 9c59270c3fd7afecdb556c50c9e8de78 -> 
  custom:audio-decoder-ogg-vorbis: bf7c407c2cedff20999df2af8eb42d56 -> 
========================================================================
Received Prepare
Refreshing native plugins compatible for Editor in 1.17 ms, found 0 plugins.
Preloading 0 native plugins for Editor in 0.00 ms.
Unloading 2 Unused Serialized files (Serialized files now loaded: 0)
Unloading 2 unused Assets / (4.4 KB). Loaded Objects now: 1190.
Memory consumption went from 34.0 MB to 34.0 MB.
Total: 8.956500 ms (FindLiveObjects: 0.223300 ms CreateObjectMapping: 0.039100 ms MarkObjects: 8.645300 ms  DeleteObjects: 0.045200 ms)

AssetImportParameters requested are different than current active one (requested -> active):
  custom:video-decoder-ogg-theora: a1e56fd34408186e4bbccfd4996cb3dc -> 
  custom:container-muxer-webm: aa71ff27fc2769a1b78a27578f13a17b -> 
  custom:container-demuxer-webm: 4f35f7cbe854078d1ac9338744f61a02 -> 
  custom:video-encoder-webm-vp8: eb34c28f22e8b96e1ab97ce403110664 -> 
  custom:video-codec-MediaFoundation-h265: 746d11721c4dcdbdad8f713fa42b33f4 -> 
  custom:CustomObjectIndexerAttribute: bc11b3a6c3213fcdd17b65e7da85e133 -> 
  custom:audio-encoder-webm-vorbis: bf7c407c2cedff20999df2af8eb42d56 -> 
  custom:framework-win-MediaFoundation: 216162199b28c13a410421893ffa2e32 -> 
  custom:SearchIndexIgnoredProperties: e643bd26f0fe6173181afceb89e7c659 -> 
  custom:container-demuxer-ogg: 62fdf1f143b41e24485cea50d1cbac27 -> 
  custom:video-decoder-webm-vp8: 9c59270c3fd7afecdb556c50c9e8de78 -> 
  custom:audio-decoder-ogg-vorbis: bf7c407c2cedff20999df2af8eb42d56 -> 
========================================================================
Received Import Request.
  Time since last request: 51.597755 seconds.
  path: Assets/Urgot/mdlUrgot.prefab
  artifactKey: Guid(ce88a8c0373c7e44199a971a4dffec4c) Importer(815301076,1909f56bfc062723c751e8b465ee728b)
Number of updated assets reloaded before import = 0
Start importing Assets/Urgot/mdlUrgot.prefab using Guid(ce88a8c0373c7e44199a971a4dffec4c) Importer(815301076,1909f56bfc062723c751e8b465ee728b)  -> (artifact id: '817433d2ddb196a03455647df837088e') in 0.294657 seconds 
Number of asset objects unloaded after import = 369
========================================================================
Received Import Request.
  Time since last request: 3.995823 seconds.
  path: Assets/Urgot/icons2d/urgot_e.png
  artifactKey: Guid(ee9f5c9101309954db13307430184105) Importer(815301076,1909f56bfc062723c751e8b465ee728b)
Number of updated assets reloaded before import = 0
Start importing Assets/Urgot/icons2d/urgot_e.png using Guid(ee9f5c9101309954db13307430184105) Importer(815301076,1909f56bfc062723c751e8b465ee728b)  -> (artifact id: '341fe70165d41cddb8b26a40dc1905e7') in 0.036015 seconds 
Number of asset objects unloaded after import = 3
========================================================================
Received Import Request.
  Time since last request: 0.000033 seconds.
  path: Assets/Urgot/icons2d/urgot_wcancel.png
  artifactKey: Guid(47015d75f3eaedb469d1ba7032eca33c) Importer(815301076,1909f56bfc062723c751e8b465ee728b)
Number of updated assets reloaded before import = 0
Start importing Assets/Urgot/icons2d/urgot_wcancel.png using Guid(47015d75f3eaedb469d1ba7032eca33c) Importer(815301076,1909f56bfc062723c751e8b465ee728b)  -> (artifact id: '52f9126720dc819baa6717339ec42ed0') in 0.035995 seconds 
Number of asset objects unloaded after import = 3
========================================================================
Received Import Request.
  Time since last request: 0.000055 seconds.
  path: Assets/Urgot/icons2d/urgot_rrecast_grey.png
  artifactKey: Guid(03b9a118646002449a5ffb1d08bd8e29) Importer(815301076,1909f56bfc062723c751e8b465ee728b)
Number of updated assets reloaded before import = 0
Start importing Assets/Urgot/icons2d/urgot_rrecast_grey.png using Guid(03b9a118646002449a5ffb1d08bd8e29) Importer(815301076,1909f56bfc062723c751e8b465ee728b)  -> (artifact id: '5b442ccdd17d8121afd2146431ebd5f2') in 0.036135 seconds 
Number of asset objects unloaded after import = 3
Editor requested this worker to shutdown with reason: Scaling down because of idle timeout
AssetImportWorker is now disconnected from the server
Process exiting
Exiting without the bug reporter. Application will terminate with return code 0